Autor,Pieza,Gen,Subg,Jornada,Parlamento,Verso,Personaje,Tipo,Sexo,Texto,Slbs,Ambiguo,NuclVoc,Rima,Consonancia,Ritmo
Calderón,Loa para la comedia de Los tres mayores prodigios,Loa,ø,0,2,1,PALES,,X,Noche hermosa que con solo,8,0,OeOaeoOo,oo,solo,+-+---+-
Calderón,Loa para la comedia de Los tres mayores prodigios,Loa,ø,0,2,2,PALES,,X,un lucero resplandeces,8,0,UuEoeaEe,ee,deθes,+-+---+-
Calderón,Loa para la comedia de Los tres mayores prodigios,Loa,ø,0,2,3,PALES,,X,más que el día con el sol...,8,1,AeIaoeO,o,sol,+-+---+
Calderón,Loa para la comedia de Los tres mayores prodigios,Loa,ø,0,3,4,FLORA,,F,"Noche apacible y alegre,",8,1,OaaIeaEe,ee,legɾe,+--+--+-
Calderón,Loa para la comedia de Los tres mayores prodigios,Loa,ø,0,3,5,FLORA,,F,"luciente honor del ocaso,",8,0,uEoOeoAo,ao,kaso,-+-+--+-
Calderón,Loa para la comedia de Los tres mayores prodigios,Loa,ø,0,3,6,FLORA,,F,noble injuria del oriente...,8,0,OiUaeoEe,ee,ɾjente,+-+---+-
Calderón,Loa para la comedia de Los tres mayores prodigios,Loa,ø,0,4,7,PALES,,X,...a cuyos soplos süaves...,8,0,auoOouAe,ae,abes,---+--+-
Calderón,Loa para la comedia de Los tres mayores prodigios,Loa,ø,0,5,8,FLORA,,F,...a cuyos suspiros leves...,8,0,auouIoEe,ee,lebes,----+-+-
Calderón,Loa para la comedia de Los tres mayores prodigios,Loa,ø,0,6,9,PALES,,X,...rejuvenecen los montes.,8,0,eueEeoOe,oe,montes,---+--+-
Calderón,Loa para la comedia de Los tres mayores prodigios,Loa,ø,0,7,10,FLORA,,F,...los valles rejuvenecen.,8,0,oAeeueEe,ee,neθen,-+----+-
Calderón,Loa para la comedia de Los tres mayores prodigios,Loa,ø,0,8,11,PALES,,X,"Tú, que eres alba nocturna",8,0,UEeAaoUa,ua,tuɾna,++-+--+-
Calderón,Loa para la comedia de Los tres mayores prodigios,Loa,ø,0,9,12,FLORA,,F,"Tú, que oscura aurora eres",8,1,UoUaOaEe,ee,eɾes,+-+-+-+-
Calderón,Loa para la comedia de Los tres mayores prodigios,Loa,ø,0,10,13,PALES,,X,...pues alumbras con las sombras.,8,0,eaUaoaOa,oa,sombɾas,--+---+-
Calderón,Loa para la comedia de Los tres mayores prodigios,Loa,ø,0,11,14,FLORA,,F,...pues sin el sol amaneces.,8,0,eieOaaEe,ee,neθes,---+--+-
Calderón,Loa para la comedia de Los tres mayores prodigios,Loa,ø,0,12,15,PALES,,X,"Tú, a quien aquesta alquería...",8,1,UeaeaeIa,ia,ɾia,+-----+-
Calderón,Loa para la comedia de Los tres mayores prodigios,Loa,ø,0,13,16,FLORA,,F,"Tú, a quien este campo fértil...",8,0,UeEeAoEi,ei,feɾtil,+-+-+-+-
Calderón,Loa para la comedia de Los tres mayores prodigios,Loa,ø,0,14,17,PALES,,X,...hoy toca solemnizar...,8,0,OOaoeiA,a,θaɾ,++----+
Calderón,Loa para la comedia de Los tres mayores prodigios,Loa,ø,0,15,18,FLORA,,F,...hoy celebrar pertenece...,8,0,OeeAeeEe,ee,neθe,+--+--+-
Calderón,Loa para la comedia de Los tres mayores prodigios,Loa,ø,0,16,19,PALES,,X,...escucha mis dulces voces...,8,0,eUaiUeOe,oe,boθes,-+--+-+-
Calderón,Loa para la comedia de Los tres mayores prodigios,Loa,ø,0,17,20,FLORA,,F,...a mis acentos atiende...,8,0,aiaEoaEe,ee,tjende,---+--+-
Calderón,Loa para la comedia de Los tres mayores prodigios,Loa,ø,0,19,21,PALES y FLORA,,XF,...por amorosos... ...por tiernos...,8,0,oaoOooEo,eo,tjeɾnos,---+--+-
Calderón,Loa para la comedia de Los tres mayores prodigios,Loa,ø,0,21,22,PALES y FLORA,,XF,...por amantes. ...por corteses.,4,0,oaAe,ae,mantes,--+-
Calderón,Loa para la comedia de Los tres mayores prodigios,Loa,ø,0,22,23,NOCHE,,X,"¿Qué quieres, hermosa Pales?",8,0,EEeeOaAe,ae,pales,++--+-+-
Calderón,Loa para la comedia de Los tres mayores prodigios,Loa,ø,0,22,24,NOCHE,,X,"Hermosa Flora, ¿qué quieres?",8,0,eOaOaEEe,ee,kjeɾes,-+-+-++-
Calderón,Loa para la comedia de Los tres mayores prodigios,Loa,ø,0,22,25,NOCHE,,X,Que a las voces de las dos,8,0,aaOeeaO,o,dos,--+---+
Calderón,Loa para la comedia de Los tres mayores prodigios,Loa,ø,0,22,26,NOCHE,,X,"salgo, dejando mi albergue,",8,0,AoeAoaEe,ee,beɾge,+--+--+-
Calderón,Loa para la comedia de Los tres mayores prodigios,Loa,ø,0,22,27,NOCHE,,X,donde de cuantas deidades,8,0,oeeAaeAe,ae,dades,---+--+-
Calderón,Loa para la comedia de Los tres mayores prodigios,Loa,ø,0,22,28,NOCHE,,X,estos jardines contienen,8,0,EoaIeoEe,ee,tjenen,+--+--+-
Calderón,Loa para la comedia de Los tres mayores prodigios,Loa,ø,0,22,29,NOCHE,,X,"asistida estaba, dando",8,0,aiIeAaAo,ao,dando,--+-+-+-
Calderón,Loa para la comedia de Los tres mayores prodigios,Loa,ø,0,22,30,NOCHE,,X,a la luna de mi frente,8,0,aaUaeiEe,ee,fɾente,--+---+-
Calderón,Loa para la comedia de Los tres mayores prodigios,Loa,ø,0,22,31,NOCHE,,X,"bellas guirnaldas de flores,",8,0,EaiAaeOe,oe,floɾes,+--+--+-
Calderón,Loa para la comedia de Los tres mayores prodigios,Loa,ø,0,22,32,NOCHE,,X,porque en mí más resplandecen,8,0,oeIAeaEe,ee,deθen,--++--+-
Calderón,Loa para la comedia de Los tres mayores prodigios,Loa,ø,0,22,33,NOCHE,,X,que los luceros y estrellas,8,0,eouEoeEa,ea,tɾeʎas,---+--+-
Calderón,Loa para la comedia de Los tres mayores prodigios,Loa,ø,0,22,34,NOCHE,,X,las rosas y los claveles.,8,0,aOaoaEe,ee,beles,-+---+-
Calderón,Loa para la comedia de Los tres mayores prodigios,Loa,ø,0,23,35,PALES,,X,Yo que te llamé primero,8,0,oeeaEiEo,eo,meɾo,----+-+-
Calderón,Loa para la comedia de Los tres mayores prodigios,Loa,ø,0,23,36,PALES,,X,es bien que primero llegue,8,0,EEeiEoEe,ee,ʎege,++--+-+-
Calderón,Loa para la comedia de Los tres mayores prodigios,Loa,ø,0,23,37,PALES,,X,a informarte de un enojo,8,0,ioAeUeOo,oo,noxo,--+-+-+-
Calderón,Loa para la comedia de Los tres mayores prodigios,Loa,ø,0,23,38,PALES,,X,que a darte voces se atreve.,8,0,aAeOeaEe,ee,tɾebe,-+-+--+-
Calderón,Loa para la comedia de Los tres mayores prodigios,Loa,ø,0,23,39,PALES,,X,"Pales soy, deidad a cuyo",8,0,AeOeAaUo,uo,kujo,+-+-+-+-
Calderón,Loa para la comedia de Los tres mayores prodigios,Loa,ø,0,23,40,PALES,,X,rústico estudio concede,8,0,UieUooEe,ee,θede,+--+--+-
Calderón,Loa para la comedia de Los tres mayores prodigios,Loa,ø,0,23,41,PALES,,X,Júpiter el patrocinio;,8,0,UieeaoIo,io,θinjo,+-----+-
Calderón,Loa para la comedia de Los tres mayores prodigios,Loa,ø,0,23,42,PALES,,X,amparo y favor silvestre,8,0,aAaOiEe,ee,bestɾe,-+-+-+-
Calderón,Loa para la comedia de Los tres mayores prodigios,Loa,ø,0,23,43,PALES,,X,"de todas las alquerías,",8,0,eoaaaeIa,ia,ɾias,------+-
Calderón,Loa para la comedia de Los tres mayores prodigios,Loa,ø,0,23,44,PALES,,X,"quintas, casas de placeres",8,0,IaAaeaEe,ee,θeɾes,+-+---+-
Calderón,Loa para la comedia de Los tres mayores prodigios,Loa,ø,0,23,45,PALES,,X,"y apartadas poblaciones,",8,0,aaAaoaOe,oe,θjones,--+---+-
Calderón,Loa para la comedia de Los tres mayores prodigios,Loa,ø,0,23,46,PALES,,X,que de la campaña fértil,8,0,eeaaAaEi,ei,feɾtil,----+-+-
Calderón,Loa para la comedia de Los tres mayores prodigios,Loa,ø,0,23,47,PALES,,X,son adorno; cuanto es,8,0,OaOoAoE,e,es,+-+-+-+
Calderón,Loa para la comedia de Los tres mayores prodigios,Loa,ø,0,23,48,PALES,,X,"retiro a mí me compete,",8,0,eIaIeoEe,ee,pete,-+-+--+-
Calderón,Loa para la comedia de Los tres mayores prodigios,Loa,ø,0,23,49,PALES,,X,que bucólica Talía,8,0,euOiaaIa,ia,lia,--+---+-
Calderón,Loa para la comedia de Los tres mayores prodigios,Loa,ø,0,23,50,PALES,,X,canta en mí rústicamente.,8,0,AeIUiaEe,ee,mente,+-++--+-
Calderón,Loa para la comedia de Los tres mayores prodigios,Loa,ø,0,23,51,PALES,,X,"Viendo que es casa de campo,",8,0,EoEAaeAo,ao,kampo,+-++--+-
Calderón,Loa para la comedia de Los tres mayores prodigios,Loa,ø,0,23,52,PALES,,X,"aunque es palacio eminente,",8,0,aEaAeiEe,ee,nente,-+-+--+-
Calderón,Loa para la comedia de Los tres mayores prodigios,Loa,ø,0,23,53,PALES,,X,esta fábrica y que a mí,8,0,EaAiaI,i,mi,+-+--+
Calderón,Loa para la comedia de Los tres mayores prodigios,Loa,ø,0,23,54,PALES,,X,sus festejos pertenecen;,8,0,UeEoeeEe,ee,neθen,+-+---+-
Calderón,Loa para la comedia de Los tres mayores prodigios,Loa,ø,0,23,55,PALES,,X,"viendo hoy en su hermosa esfera,",8,1,EOeeOeEa,ea,feɾa,++--+-+-
Calderón,Loa para la comedia de Los tres mayores prodigios,Loa,ø,0,23,56,PALES,,X,para tantos soles breve,8,0,aaAoOeEe,ee,bɾebe,--+-+-+-
Calderón,Loa para la comedia de Los tres mayores prodigios,Loa,ø,0,23,57,PALES,,X,"a pesar de su estación,",8,0,aeAeeaO,o,θjon,--+---+
Calderón,Loa para la comedia de Los tres mayores prodigios,Loa,ø,0,23,58,PALES,,X,"la majestad de mis reyes,",8,0,aaeAeiEe,ee,rejes,---+--+-
Calderón,Loa para la comedia de Los tres mayores prodigios,Loa,ø,0,23,59,PALES,,X,corrida vengo a buscarte,8,0,oIaEauAe,ae,kaɾte,-+-+--+-
Calderón,Loa para la comedia de Los tres mayores prodigios,Loa,ø,0,23,60,PALES,,X,por ver cuán poco te debe,8,0,oEAOoeEe,ee,debe,-+++--+-
Calderón,Loa para la comedia de Los tres mayores prodigios,Loa,ø,0,23,61,PALES,,X,"esta dicha, que no has hecho",8,0,EaIaeAEo,eo,etʃo,+-+--++-
Calderón,Loa para la comedia de Los tres mayores prodigios,Loa,ø,0,23,62,PALES,,X,prevenciones excelentes,8,0,eeOeeeEe,ee,lentes,--+---+-
Calderón,Loa para la comedia de Los tres mayores prodigios,Loa,ø,0,23,63,PALES,,X,"con que su vista saludes,",8,0,oeuIaaUe,ue,ludes,---+--+-
Calderón,Loa para la comedia de Los tres mayores prodigios,Loa,ø,0,23,64,PALES,,X,"con que su deidad festejes,",8,0,oeueAeEe,ee,texes,----+-+-
Calderón,Loa para la comedia de Los tres mayores prodigios,Loa,ø,0,23,65,PALES,,X,con que tu ventura aplaudas,8,0,oeueUaAa,aa,plawdas,----+-+-
Calderón,Loa para la comedia de Los tres mayores prodigios,Loa,ø,0,23,66,PALES,,X,y su venida celebres.,8,0,ueIaeEe,ee,lebɾes,--+--+-
Calderón,Loa para la comedia de Los tres mayores prodigios,Loa,ø,0,24,67,FLORA,,F,"Yo, que soy Flora, a quien toca",8,0,oeOOaeOa,oa,toka,--++--+-
Calderón,Loa para la comedia de Los tres mayores prodigios,Loa,ø,0,24,68,FLORA,,F,el hermoso imperio alegre,8,0,eeOiEaEe,ee,legɾe,--+-+-+-
Calderón,Loa para la comedia de Los tres mayores prodigios,Loa,ø,0,24,69,FLORA,,F,"de estanques y de jardines,",8,0,eAeeaIe,ie,dines,-+---+-
Calderón,Loa para la comedia de Los tres mayores prodigios,Loa,ø,0,24,70,FLORA,,F,patria de flores y fuentes;,8,0,AaeOeEe,ee,fwentes,+--+-+-
Calderón,Loa para la comedia de Los tres mayores prodigios,Loa,ø,0,24,71,FLORA,,F,"yo, cuya cultura el cielo",8,1,ouauUeEo,eo,θjelo,----+-+-
Calderón,Loa para la comedia de Los tres mayores prodigios,Loa,ø,0,24,72,FLORA,,F,mismo envidió tantas veces,8,0,IeiOAaEe,ee,beθes,+--++-+-
Calderón,Loa para la comedia de Los tres mayores prodigios,Loa,ø,0,24,73,FLORA,,F,cuantas mis varios dibujos,8,0,aaiaoiUo,uo,buxos,------+-
Calderón,Loa para la comedia de Los tres mayores prodigios,Loa,ø,0,24,74,FLORA,,F,siempre en laberintos verdes,8,0,EeaeIoEe,ee,beɾdes,+---+-+-
Calderón,Loa para la comedia de Los tres mayores prodigios,Loa,ø,0,24,75,FLORA,,F,excedieron los azules,8,0,eeEooaUe,ue,θules,--+---+-
Calderón,Loa para la comedia de Los tres mayores prodigios,Loa,ø,0,24,76,FLORA,,F,"suyos, siendo al oponerse",8,1,UoEaooEe,ee,neɾse,+-+---+-
Calderón,Loa para la comedia de Los tres mayores prodigios,Loa,ø,0,24,77,FLORA,,F,el jardín un verde cielo,8,0,eaIUEeEo,eo,θjelo,--+++-+-
Calderón,Loa para la comedia de Los tres mayores prodigios,Loa,ø,0,24,78,FLORA,,F,"y el cielo un jardín celeste,",8,0,eEUaIeEe,ee,leste,-++-+-+-
Calderón,Loa para la comedia de Los tres mayores prodigios,Loa,ø,0,24,79,FLORA,,F,con el mismo intento vine,8,0,oeIiEoIe,ie,bine,--+-+-+-
Calderón,Loa para la comedia de Los tres mayores prodigios,Loa,ø,0,24,80,FLORA,,F,a reñirte dignamente,8,0,aeIeIaEe,ee,mente,--+-+-+-
Calderón,Loa para la comedia de Los tres mayores prodigios,Loa,ø,0,24,81,FLORA,,F,"el poco cuidado, pues",8,0,eOouAoE,e,pwes,-+--+-+
Calderón,Loa para la comedia de Los tres mayores prodigios,Loa,ø,0,24,82,FLORA,,F,fiesta ninguna previenes,8,0,EaiuaeEe,ee,bjenes,+-----+-
Calderón,Loa para la comedia de Los tres mayores prodigios,Loa,ø,0,24,83,FLORA,,F,en tu espacio que divierta,8,0,eeAoeiEa,ea,bjeɾta,--+---+-
Calderón,Loa para la comedia de Los tres mayores prodigios,Loa,ø,0,24,84,FLORA,,F,a quien mis jardines viene,8,0,aeiaIeEe,ee,bjene,----+-+-
Calderón,Loa para la comedia de Los tres mayores prodigios,Loa,ø,0,24,85,FLORA,,F,a enriquecer de matices,8,0,eieEeaIe,ie,tiθes,---+--+-
Calderón,Loa para la comedia de Los tres mayores prodigios,Loa,ø,0,24,86,FLORA,,F,y colores diferentes.,8,0,oOeieEe,ee,ɾentes,-+---+-
Calderón,Loa para la comedia de Los tres mayores prodigios,Loa,ø,0,24,87,FLORA,,F,"¿Cómo tú, Noche, en tu noche",8,0,OoUOeuOe,oe,notʃe,+-++--+-
Calderón,Loa para la comedia de Los tres mayores prodigios,Loa,ø,0,24,88,FLORA,,F,perezosamente duermes,8,0,eeOaEeEe,ee,dweɾmes,--+-+-+-
Calderón,Loa para la comedia de Los tres mayores prodigios,Loa,ø,0,24,89,FLORA,,F,sin que de aqueste cuidado,8,0,ieaEeuAo,ao,dado,---+--+-
Calderón,Loa para la comedia de Los tres mayores prodigios,Loa,ø,0,24,90,FLORA,,F,el empeño te despierte?,8,0,eeEoeeEe,ee,pjeɾte,--+---+-
Calderón,Loa para la comedia de Los tres mayores prodigios,Loa,ø,0,24,91,FLORA,,F,"Pues, siendo la más festiva",8,0,eEoaAeIa,ia,tiba,-+--+-+-
Calderón,Loa para la comedia de Los tres mayores prodigios,Loa,ø,0,24,92,FLORA,,F,"a las más remotas gentes,",8,0,aaAeOaEe,ee,xentes,--+-+-+-
Calderón,Loa para la comedia de Los tres mayores prodigios,Loa,ø,0,24,93,FLORA,,F,para la mayor acción,8,0,aaaaOaO,o,θjon,----+-+
Calderón,Loa para la comedia de Los tres mayores prodigios,Loa,ø,0,24,94,FLORA,,F,la menos festiva eres.,8,0,aEoeIaEe,ee,eɾes,-+--+-+-
Calderón,Loa para la comedia de Los tres mayores prodigios,Loa,ø,0,25,95,NOCHE,,X,"Bella Pales, bella Flora,",8,0,EaAeEaOa,oa,floɾa,+-+-+-+-
Calderón,Loa para la comedia de Los tres mayores prodigios,Loa,ø,0,25,96,NOCHE,,X,hermosuras a quien debe,8,0,eoUaaeEe,ee,debe,--+---+-
Calderón,Loa para la comedia de Los tres mayores prodigios,Loa,ø,0,25,97,NOCHE,,X,la contada edad del año,8,0,aoAeAeAo,ao,aɲo,--+-+-+-
Calderón,Loa para la comedia de Los tres mayores prodigios,Loa,ø,0,25,98,NOCHE,,X,"la luz de sus doce meses,",8,0,aUeuOeEe,ee,meses,-+--+-+-
Calderón,Loa para la comedia de Los tres mayores prodigios,Loa,ø,0,25,99,NOCHE,,X,"no así de mí desconfíes,",8,1,aIeIeoIe,ie,fies,-+-+--+-
Calderón,Loa para la comedia de Los tres mayores prodigios,Loa,ø,0,25,100,NOCHE,,X,"no así tú de mí te quejes,",8,0,aIUeIeEe,ee,kexes,-++-+-+-
Calderón,Loa para la comedia de Los tres mayores prodigios,Loa,ø,0,25,101,NOCHE,,X,que no ha sido mi descuido,8,0,eAIoieUo,uo,kujdo,-++---+-
Calderón,Loa para la comedia de Los tres mayores prodigios,Loa,ø,0,25,102,NOCHE,,X,"tan grande como os parece,",8,0,AAeooaEe,ee,ɾeθe,++----+-
Calderón,Loa para la comedia de Los tres mayores prodigios,Loa,ø,0,25,103,NOCHE,,X,"que, aunque humilde fiesta sea",8,1,auIeEaEa,ea,sea,--+-+-+-
Calderón,Loa para la comedia de Los tres mayores prodigios,Loa,ø,0,25,104,NOCHE,,X,–no humilde por quien pretende,8,0,uIeoeeEe,ee,tende,-+----+-
Calderón,Loa para la comedia de Los tres mayores prodigios,Loa,ø,0,25,105,NOCHE,,X,"hacerla, sino por quien",8,0,aEaiooE,e,kjen,-+----+
Calderón,Loa para la comedia de Los tres mayores prodigios,Loa,ø,0,25,106,NOCHE,,X,"con poco ingenio la emprende–,",8,0,ooiEoeEe,ee,pɾende,---+--+-
Calderón,Loa para la comedia de Los tres mayores prodigios,Loa,ø,0,25,107,NOCHE,,X,una tengo prevenida,8,0,uaEoeeIa,ia,nida,--+---+-
Calderón,Loa para la comedia de Los tres mayores prodigios,Loa,ø,0,25,108,NOCHE,,X,"que divierta, aunque no alegre",8,0,eiEaeaEe,ee,legɾe,--+---+-
Calderón,Loa para la comedia de Los tres mayores prodigios,Loa,ø,0,25,109,NOCHE,,X,"mi noche. ¡Oh, quieran los cielos",8,0,IOOEaoEo,eo,θjelos,++++--+-
Calderón,Loa para la comedia de Los tres mayores prodigios,Loa,ø,0,25,110,NOCHE,,X,que a salir con ella acierte!,8,0,aaIoeaEe,ee,θjeɾte,--+---+-
Calderón,Loa para la comedia de Los tres mayores prodigios,Loa,ø,0,27,111,PALES y NOCHE,,X,¿Prevenida hay fiesta? Sí.,8,0,eeIAEaI,i,si,--+++-+
Calderón,Loa para la comedia de Los tres mayores prodigios,Loa,ø,0,29,112,FLORA y NOCHE,,FX,¿Y qué fiesta es? La que siempre:,8,0,eEEaeEe,ee,sjempɾe,-++--+-
Calderón,Loa para la comedia de Los tres mayores prodigios,Loa,ø,0,30,113,NOCHE y PALES,,X,una comedia. ¿Hala escrito,8,0,UaoEAeIo,io,kɾito,+--++-+-
Calderón,Loa para la comedia de Los tres mayores prodigios,Loa,ø,0,30,114,PALES,,X,algún ingenio excelente?,8,0,auiEeeEe,ee,lente,---+--+-
Calderón,Loa para la comedia de Los tres mayores prodigios,Loa,ø,0,31,115,NOCHE,,X,"No, sino pobre y humilde.",8,1,OioOeuIe,ie,milde,+--+--+-
Calderón,Loa para la comedia de Los tres mayores prodigios,Loa,ø,0,32,116,FLORA,,F,"Poco importará, si tiene",8,0,OioaAiEe,ee,tjene,+---+-+-
Calderón,Loa para la comedia de Los tres mayores prodigios,Loa,ø,0,32,117,FLORA,,F,algún teatro que haga,8,0,aueAoeAa,aa,aga,---+--+-
Calderón,Loa para la comedia de Los tres mayores prodigios,Loa,ø,0,32,118,FLORA,,F,evidencia lo aparente.,8,0,eiEaaaEe,ee,ɾente,--+---+-
Calderón,Loa para la comedia de Los tres mayores prodigios,Loa,ø,0,33,119,NOCHE,,X,Tampoco tiene apariencias.,8,0,aOoEaaEa,ea,ɾjenθjas,-+-+--+-
Calderón,Loa para la comedia de Los tres mayores prodigios,Loa,ø,0,34,120,PALES,,X,Pues buena fiesta previenes.,8,0,eEaEaeEe,ee,bjenes,-+-+--+-
Calderón,Loa para la comedia de Los tres mayores prodigios,Loa,ø,0,35,121,FLORA,,F,Sin ingenio y sin adorno,8,0,iiEiaOo,oo,doɾno,--+--+-
Calderón,Loa para la comedia de Los tres mayores prodigios,Loa,ø,0,35,122,FLORA,,F,¿no fuera mejor no hacerse?,8,0,OEaeOaEe,ee,θeɾse,++--+-+-
Calderón,Loa para la comedia de Los tres mayores prodigios,Loa,ø,0,36,123,NOCHE,,X,No tan presto antes de vella,8,0,OAEAeeEa,ea,beʎa,++++--+-
Calderón,Loa para la comedia de Los tres mayores prodigios,Loa,ø,0,36,124,NOCHE,,X,a las dos os desconsuele.,8,0,aaOoeoEe,ee,swele,--+---+-
Calderón,Loa para la comedia de Los tres mayores prodigios,Loa,ø,0,37,125,PALES,,X,Refiérenos de qué trata.,8,0,eEeoeEAa,aa,tɾata,-+---++-
Calderón,Loa para la comedia de Los tres mayores prodigios,Loa,ø,0,38,126,FLORA,,F,Repítenos qué contiene.,8,0,eIeoEoEe,ee,tjene,-+--+-+-
Calderón,Loa para la comedia de Los tres mayores prodigios,Loa,ø,0,39,127,NOCHE,,X,"Escuchad, que el argumento",8,0,euAeauEo,eo,mento,--+---+-
Calderón,Loa para la comedia de Los tres mayores prodigios,Loa,ø,0,39,128,NOCHE,,X,os quiero poner presente,8,0,oEooEeEe,ee,sente,-+--+-+-
Calderón,Loa para la comedia de Los tres mayores prodigios,Loa,ø,0,39,129,NOCHE,,X,"de toda la fiesta, a ver",8,0,eoaaEaE,e,beɾ,----+-+
Calderón,Loa para la comedia de Los tres mayores prodigios,Loa,ø,0,39,130,NOCHE,,X,"lo que la fiesta os parece,",8,0,oeaEoaEe,ee,ɾeθe,---+--+-
Calderón,Loa para la comedia de Los tres mayores prodigios,Loa,ø,0,39,131,NOCHE,,X,que esto hizo la Antigüedad,8,0,eIoaieA,a,dad,-+----+
Calderón,Loa para la comedia de Los tres mayores prodigios,Loa,ø,0,39,132,NOCHE,,X,en sus fiestas muchas veces.,8,0,euEauaEe,ee,beθes,--+---+-
Calderón,Loa para la comedia de Los tres mayores prodigios,Loa,ø,0,39,133,NOCHE,,X,"Escuchad, pues, su argumento",8,0,euAeauEo,eo,mento,--+---+-
Calderón,Loa para la comedia de Los tres mayores prodigios,Loa,ø,0,39,134,NOCHE,,X,antes que se represente.,8,0,AeeeeeEe,ee,sente,+-----+-
Calderón,Loa para la comedia de Los tres mayores prodigios,Loa,ø,0,40,135,HÉRCULES,,X,Dejadme dar la muerte.,7,0,eAeAaEe,ee,mweɾte,-+-+-+-
Calderón,Loa para la comedia de Los tres mayores prodigios,Loa,ø,0,44,136,JASÓN y TESEO y JASÓN y TESEO,,XMMXXM,Repara. Considera. Mira. Advierte.,11,0,eAaoiEaIaEe,ee,bjeɾte,-+---+-+-+-
Calderón,Loa para la comedia de Los tres mayores prodigios,Loa,ø,0,45,137,HÉRCULES,,X,"Dejad que mi despecho,",7,0,eAeieEo,eo,petʃo,-+---+-
Calderón,Loa para la comedia de Los tres mayores prodigios,Loa,ø,0,45,138,HÉRCULES,,X,"en ira, en rabia y en furor deshecho,",11,1,eIeAaeuOeEo,eo,etʃo,-+-+---+-+-
Calderón,Loa para la comedia de Los tres mayores prodigios,Loa,ø,0,45,139,HÉRCULES,,X,"con los dientes, las manos y los brazos,",11,0,ooEeaAooAo,ao,bɾaθos,--+--+--+-
Calderón,Loa para la comedia de Los tres mayores prodigios,Loa,ø,0,45,140,HÉRCULES,,X,"el corazón sacándome a pedazos,",11,0,eoaOaAoaeAo,ao,daθos,---+-+---+-
Calderón,Loa para la comedia de Los tres mayores prodigios,Loa,ø,0,45,141,HÉRCULES,,X,hoy la vida me quite,7,0,OaIaeIe,ie,kite,+-+--+-
Calderón,Loa para la comedia de Los tres mayores prodigios,Loa,ø,0,45,142,HÉRCULES,,X,"o que al mar desde aquí me precipite,",11,0,oaAeaIeeiIe,ie,pite,--+--+---+-
Calderón,Loa para la comedia de Los tres mayores prodigios,Loa,ø,0,45,143,HÉRCULES,,X,porque a tanta estatura,7,0,oaAeaUa,ua,tuɾa,--+--+-
Calderón,Loa para la comedia de Los tres mayores prodigios,Loa,ø,0,45,144,HÉRCULES,,X,solo el mar es bastante sepultura.,11,0,OeAEaaeeuUa,ua,tuɾa,+-++-----+-
Calderón,Loa para la comedia de Los tres mayores prodigios,Loa,ø,0,46,145,TESEO,,M,"Hércules valeroso,",7,0,EueaeOo,oo,ɾoso,+----+-
Calderón,Loa para la comedia de Los tres mayores prodigios,Loa,ø,0,46,146,TESEO,,M,"tú, que siempre soberbio y animoso",11,1,UeEeoEoaiOo,oo,moso,+-+--+---+-
Calderón,Loa para la comedia de Los tres mayores prodigios,Loa,ø,0,46,147,TESEO,,M,con heroicas vitorias,7,0,oeOaiOa,oa,toɾjas,--+--+-
Calderón,Loa para la comedia de Los tres mayores prodigios,Loa,ø,0,46,148,TESEO,,M,"tu fama has ilustrado de memorias,",11,0,UAAiuAoeeOa,oa,moɾjas,+++--+---+-
Calderón,Loa para la comedia de Los tres mayores prodigios,Loa,ø,0,46,149,TESEO,,M,¿hablas tan impaciente,7,0,AaAiaEe,ee,θjente,+-+--+-
Calderón,Loa para la comedia de Los tres mayores prodigios,Loa,ø,0,46,150,TESEO,,M,rendido a ningún trágico acidente?,11,0,eIaiuAiaiEe,ee,dente,-+---+---+-
Calderón,Loa para la comedia de Los tres mayores prodigios,Loa,ø,0,47,151,JASÓN,,X,"Tú, que tantas fatigas padeciste",11,0,UeAaaIaaeIe,ie,θiste,+-+--+---+-
Calderón,Loa para la comedia de Los tres mayores prodigios,Loa,ø,0,47,152,JASÓN,,X,"con que eternos aplausos conseguiste,",11,0,oeEoaAooeIe,ie,giste,--+--+---+-
Calderón,Loa para la comedia de Los tres mayores prodigios,Loa,ø,0,47,153,JASÓN,,X,cuyo nombre jamás será escondido,11,1,uoOeaAeeoIo,io,dido,--+--+---+-
Calderón,Loa para la comedia de Los tres mayores prodigios,Loa,ø,0,47,154,JASÓN,,X,"de las borradas señas del olvido,",11,0,eaoAaEaeoIo,io,bido,---+-+---+-
Calderón,Loa para la comedia de Los tres mayores prodigios,Loa,ø,0,47,155,JASÓN,,X,¿hoy te muestras sin seso,7,0,OeEaiEo,eo,seso,+-+--+-
Calderón,Loa para la comedia de Los tres mayores prodigios,Loa,ø,0,47,156,JASÓN,,X,rendido a ningún trágico suceso?,11,0,eIaiuAiouEo,eo,θeso,-+---+---+-
Calderón,Loa para la comedia de Los tres mayores prodigios,Loa,ø,0,48,157,TESEO,,M,La muerte quieres darte;,7,0,aEeEeAe,ae,daɾte,-+-+-+-
Calderón,Loa para la comedia de Los tres mayores prodigios,Loa,ø,0,48,158,TESEO,,M,"no debes, no, sin duda de acordarte",11,0,OEeOiUaaoAe,ae,daɾte,++-+-+---+-
Calderón,Loa para la comedia de Los tres mayores prodigios,Loa,ø,0,48,159,TESEO,,M,que en leyes de valor y bizarría,11,1,eEeeaOiaIa,ia,ria,-+---+--+-
Calderón,Loa para la comedia de Los tres mayores prodigios,Loa,ø,0,48,160,TESEO,,M,"la desesperación no es valentía,",11,1,aeeeaOOEaeI,ia,tia,-----+++--+
Calderón,Loa para la comedia de Los tres mayores prodigios,Loa,ø,0,48,161,TESEO,,M,"pues la mayor, más grande y la más fuerte",11,1,eaaOAAaAEe,ee,fweɾte,---+++-++-
Calderón,Loa para la comedia de Los tres mayores prodigios,Loa,ø,0,48,162,TESEO,,M,"es esperar, mas no buscar la muerte.",11,0,EeeAaOuAaEe,ee,mweɾte,+--+-+-+-+-
Calderón,Loa para la comedia de Los tres mayores prodigios,Loa,ø,0,49,163,JASÓN,,X,"Si tú a tu misma rabia te condenas,",11,0,iUuIaAaeoEa,ea,denas,-+-+-+---+-
Calderón,Loa para la comedia de Los tres mayores prodigios,Loa,ø,0,49,164,JASÓN,,X,aqueso es permitirles a las penas,11,0,aEEeiIeaaEa,ea,penas,-++--+---+-
Calderón,Loa para la comedia de Los tres mayores prodigios,Loa,ø,0,49,165,JASÓN,,X,"que salgan con su intento,",7,0,eAaoiEo,eo,tento,-+---+-
Calderón,Loa para la comedia de Los tres mayores prodigios,Loa,ø,0,49,166,JASÓN,,X,y aquel varón magnánimo que atento,11,0,aEaOaAioaEo,eo,tento,-+-+-+---+-
Calderón,Loa para la comedia de Los tres mayores prodigios,Loa,ø,0,49,167,JASÓN,,X,vive a hacer sus trofeos inmortales,11,1,IaEuoEoioAe,ae,tales,+-+--+---+-
Calderón,Loa para la comedia de Los tres mayores prodigios,Loa,ø,0,49,168,JASÓN,,X,ha de vivir a costa de sus males.,11,0,AeiIaOaeuAe,ae,males,+--+-+---+-
Calderón,Loa para la comedia de Los tres mayores prodigios,Loa,ø,0,50,169,HÉRCULES,,X,"Es engaño, que un hombre",7,0,EeAoUOe,oe,ombɾe,+-+-++-
Calderón,Loa para la comedia de Los tres mayores prodigios,Loa,ø,0,50,170,HÉRCULES,,X,"no puede mayor fama, mayor nombre",11,0,OEeaOAaaOOe,oe,nombɾe,++--++--++-
Calderón,Loa para la comedia de Los tres mayores prodigios,Loa,ø,0,50,171,HÉRCULES,,X,adquirir que mostrando desta suerte,11,0,aiIeoAoEaEe,ee,sweɾte,--+--+-+-+-
Calderón,Loa para la comedia de Los tres mayores prodigios,Loa,ø,0,50,172,HÉRCULES,,X,"que se puso de parte de su muerte,",11,0,eeUoeAeeuEe,ee,mweɾte,--+--+---+-
Calderón,Loa para la comedia de Los tres mayores prodigios,Loa,ø,0,50,173,HÉRCULES,,X,"para que ella a matarle se atreviera,",11,0,aaeaaAeaeEa,ea,bjeɾa,-----+---+-
Calderón,Loa para la comedia de Los tres mayores prodigios,Loa,ø,0,50,174,HÉRCULES,,X,que a mí sin mí mi muerte me temiera.,11,0,aIiIiEeeeEa,ea,mjeɾa,-+-+-+---+-
Calderón,Loa para la comedia de Los tres mayores prodigios,Loa,ø,0,51,175,JASÓN,,X,La grande causa dudo,7,0,aAeAaUo,uo,dudo,-+-+-+-
Calderón,Loa para la comedia de Los tres mayores prodigios,Loa,ø,0,51,176,JASÓN,,X,que a ese despecho avasallarte pudo.,11,0,EeeEaaaAeUo,uo,pudo,+--+---+-+-
Calderón,Loa para la comedia de Los tres mayores prodigios,Loa,ø,0,52,177,TESEO,,M,Que haya ocasión no creo,7,1,AoaOOEo,eo,kɾeo,+--+++-
Calderón,Loa para la comedia de Los tres mayores prodigios,Loa,ø,0,53,178,TESEO y HÉRCULES,,MX,"para tanto furor. ¡Ay, gran Teseo!",11,0,aaAouOAAeEo,eo,seo,--+--+++-+-
Calderón,Loa para la comedia de Los tres mayores prodigios,Loa,ø,0,53,179,HÉRCULES,,X,"¡Ay, gran Jasón!, cuyos valientes bríos",11,0,AAaOuoaEeIo,io,bɾios,++-+---+-+-
Calderón,Loa para la comedia de Los tres mayores prodigios,Loa,ø,0,53,180,HÉRCULES,,X,"bien acredita el ser amigos míos,",11,1,EaeIeEaIoIo,io,mios,+--+-+-+-+-
Calderón,Loa para la comedia de Los tres mayores prodigios,Loa,ø,0,53,181,HÉRCULES,,X,"y ¡ay, amigos leales!,",7,1,AaIoeAe,ae,ales,+-+--+-
Calderón,Loa para la comedia de Los tres mayores prodigios,Loa,ø,0,53,182,HÉRCULES,,X,hoy se ha llenado el número a mis males;,11,0,OAeAeUeaiAe,ae,males,++-+-+---+-
Calderón,Loa para la comedia de Los tres mayores prodigios,Loa,ø,0,53,183,HÉRCULES,,X,"si la causa supiérades que tengo,",11,0,iaAauEaeeEo,eo,tengo,--+--+---+-
Calderón,Loa para la comedia de Los tres mayores prodigios,Loa,ø,0,53,184,HÉRCULES,,X,la desesperación a que prevengo,11,0,aeeeaOaeeEo,eo,bengo,-----+---+-
Calderón,Loa para la comedia de Los tres mayores prodigios,Loa,ø,0,53,185,HÉRCULES,,X,mi valor y mi vida,7,0,IaOiIa,ia,bida,+-+-+-
Calderón,Loa para la comedia de Los tres mayores prodigios,Loa,ø,0,53,186,HÉRCULES,,X,"de los dos no estorbada, persuadida",11,0,eoOeoAaeaIa,ia,dida,--+--+---+-
Calderón,Loa para la comedia de Los tres mayores prodigios,Loa,ø,0,54,187,HÉRCULES y JASÓN,,X,fuera. Ya que has llamado,7,1,EAeAaAo,ao,mado,++-+-+-
Calderón,Loa para la comedia de Los tres mayores prodigios,Loa,ø,0,54,188,JASÓN,,X,"amigos a los dos, de tu cuidado",11,0,aIoaoOeuuAo,ao,dado,-+---+---+-
Calderón,Loa para la comedia de Los tres mayores prodigios,Loa,ø,0,54,189,JASÓN,,X,haz a los dos testigos.,7,0,AaoOeIo,io,tigos,+--+-+-
Calderón,Loa para la comedia de Los tres mayores prodigios,Loa,ø,0,55,190,HÉRCULES,,X,"Es tal que aun embarazan los amigos,",11,0,EAAeaAaoaIo,io,migos,+++--+---+-
Calderón,Loa para la comedia de Los tres mayores prodigios,Loa,ø,0,55,191,HÉRCULES,,X,"mas, pues los tres en tantas ocasiones",11,0,AeoEeAaoaOe,oe,sjones,+--+-+---+-
Calderón,Loa para la comedia de Los tres mayores prodigios,Loa,ø,0,55,192,HÉRCULES,,X,"tres almas, vidas tres, tres corazones",11,0,eAaIaeEoaOe,oe,θones,-+-+--+--+-
Calderón,Loa para la comedia de Los tres mayores prodigios,Loa,ø,0,55,193,HÉRCULES,,X,en solo uno fundimos,7,0,eOuouIo,io,dimos,-+---+-
Calderón,Loa para la comedia de Los tres mayores prodigios,Loa,ø,0,55,194,HÉRCULES,,X,"y con uno no más los tres vivimos,",11,0,ouoOAoEiIo,io,bimos,---++-+-+-
Calderón,Loa para la comedia de Los tres mayores prodigios,Loa,ø,0,55,195,HÉRCULES,,X,atentos escuchad mis instrumentos,11,0,aEoeuAiiuEo,eo,mentos,-+---+---+-
Calderón,Loa para la comedia de Los tres mayores prodigios,Loa,ø,0,55,196,HÉRCULES,,X,(mas no los escuchéis ni estéis atentos).,11,0,aOoeuEeEaEo,eo,tentos,-+---+-+-+-
Calderón,Loa para la comedia de Los tres mayores prodigios,Loa,ø,0,55,197,HÉRCULES,,X,Ya sabéis que soy aquel,7,0,AaEeOaE,e,kel,+-+-+-+
Calderón,Loa para la comedia de Los tres mayores prodigios,Loa,ø,0,55,198,HÉRCULES,,X,racional monstruo valiente,8,0,aoAOoaEe,ee,ljente,--++--+-
Calderón,Loa para la comedia de Los tres mayores prodigios,Loa,ø,0,55,199,HÉRCULES,,X,que ha coronado a su fama,8,0,AooAauAa,aa,fama,+--+--+-
Calderón,Loa para la comedia de Los tres mayores prodigios,Loa,ø,0,55,200,HÉRCULES,,X,"de plumas y de laureles,",8,0,eUaeaEe,ee,ɾeles,-+---+-
Calderón,Loa para la comedia de Los tres mayores prodigios,Loa,ø,0,55,201,HÉRCULES,,X,tan hecho siempre a vencer,8,0,AEoEaeE,e,θeɾ,++-+--+
Calderón,Loa para la comedia de Los tres mayores prodigios,Loa,ø,0,55,202,HÉRCULES,,X,y a matar tan hecho siempre,8,0,aaAAEoEe,ee,sjempɾe,--+++-+-
Calderón,Loa para la comedia de Los tres mayores prodigios,Loa,ø,0,55,203,HÉRCULES,,X,que apenas supe mi vida,8,0,aEaUeiIa,ia,bida,-+-+--+-
Calderón,Loa para la comedia de Los tres mayores prodigios,Loa,ø,0,55,204,HÉRCULES,,X,cuando supieron su muerte:,8,0,aouEouEe,ee,mweɾte,---+--+-
Calderón,Loa para la comedia de Los tres mayores prodigios,Loa,ø,0,55,205,HÉRCULES,,X,díganlo a voces las fieras;,8,0,IaaOeaEa,ea,fjeɾas,+--+--+-
Calderón,Loa para la comedia de Los tres mayores prodigios,Loa,ø,0,55,206,HÉRCULES,,X,"la fama, el tiempo lo cuente;",8,0,aAeEooEe,ee,kwente,-+-+--+-
Calderón,Loa para la comedia de Los tres mayores prodigios,Loa,ø,0,55,207,HÉRCULES,,X,"la memoria lo repita,",8,0,aeOaoeIa,ia,pita,--+---+-
Calderón,Loa para la comedia de Los tres mayores prodigios,Loa,ø,0,55,208,HÉRCULES,,X,pues en el primero albergue,8,0,eeeiEaEe,ee,beɾge,----+-+-
Calderón,Loa para la comedia de Los tres mayores prodigios,Loa,ø,0,55,209,HÉRCULES,,X,"de mi cuna a dos sedientas,",8,0,eiUaOeEa,ea,djentas,--+-+-+-
Calderón,Loa para la comedia de Los tres mayores prodigios,Loa,ø,0,55,210,HÉRCULES,,X,"dos tiranas, dos aleves",8,0,oiAaOaEe,ee,lebes,--+-+-+-
Calderón,Loa para la comedia de Los tres mayores prodigios,Loa,ø,0,55,211,HÉRCULES,,X,"víboras, que de mi sangre",8,0,IoaeeiAe,ae,sangɾe,+-----+-
Calderón,Loa para la comedia de Los tres mayores prodigios,Loa,ø,0,55,212,HÉRCULES,,X,"se alimentaban crueles,",8,1,aieAauEe,ee,eles,---+--+-
Calderón,Loa para la comedia de Los tres mayores prodigios,Loa,ø,0,55,213,HÉRCULES,,X,"eché las manos, sintiendo",8,0,eEaAoiEo,eo,tjendo,-+-+--+-
Calderón,Loa para la comedia de Los tres mayores prodigios,Loa,ø,0,55,214,HÉRCULES,,X,"que en el corazón me muerden,",8,0,eeoaOeEe,ee,mweɾden,----+-+-
Calderón,Loa para la comedia de Los tres mayores prodigios,Loa,ø,0,55,215,HÉRCULES,,X,y sin instinto y con rabia,8,0,iiIoAa,aa,rabja,--+-+-
Calderón,Loa para la comedia de Los tres mayores prodigios,Loa,ø,0,55,216,HÉRCULES,,X,las apreté de tal suerte,8,0,aaeEeAEe,ee,sweɾte,---+-++-
Calderón,Loa para la comedia de Los tres mayores prodigios,Loa,ø,0,55,217,HÉRCULES,,X,que reventaron –¿qué mucho,8,0,eeeAoEUo,uo,mutʃo,---+-++-
Calderón,Loa para la comedia de Los tres mayores prodigios,Loa,ø,0,55,218,HÉRCULES,,X,"que allí mis manos venciesen,",8,0,aIiAoeEe,ee,θjesen,-+-+--+-
Calderón,Loa para la comedia de Los tres mayores prodigios,Loa,ø,0,55,219,HÉRCULES,,X,si eran diez áspides y ellas,8,0,EaEAieEa,ea,eʎas,+-++--+-
Calderón,Loa para la comedia de Los tres mayores prodigios,Loa,ø,0,55,220,HÉRCULES,,X,dos víboras solamente?–.,8,0,OIoaOaEe,ee,mente,++--+-+-
Calderón,Loa para la comedia de Los tres mayores prodigios,Loa,ø,0,55,221,HÉRCULES,,X,"Crecí prodigio, crecí",8,0,eIoIoeI,i,θi,-+-+--+
Calderón,Loa para la comedia de Los tres mayores prodigios,Loa,ø,0,55,222,HÉRCULES,,X,asombro a la humana gente,8,0,aOauAaEe,ee,xente,-+--+-+-
Calderón,Loa para la comedia de Los tres mayores prodigios,Loa,ø,0,55,223,HÉRCULES,,X,"tan destinado a fatigas,",8,0,AeiAaaIa,ia,tigas,+--+--+-
Calderón,Loa para la comedia de Los tres mayores prodigios,Loa,ø,0,55,224,HÉRCULES,,X,a desaires y a desdenes,8,0,aeAeaeEe,ee,denes,--+---+-
Calderón,Loa para la comedia de Los tres mayores prodigios,Loa,ø,0,55,225,HÉRCULES,,X,de la fortuna que toda,8,0,eaoUaeOa,oa,toda,---+--+-
Calderón,Loa para la comedia de Los tres mayores prodigios,Loa,ø,0,55,226,HÉRCULES,,X,su saña junta parece,8,0,UAaUaaEe,ee,ɾeθe,++-+--+-
Calderón,Loa para la comedia de Los tres mayores prodigios,Loa,ø,0,55,227,HÉRCULES,,X,que contra mí amotinada,8,0,eoaIoiAa,aa,nada,---+--+-
Calderón,Loa para la comedia de Los tres mayores prodigios,Loa,ø,0,55,228,HÉRCULES,,X,"o se conjura o se mueve,",8,0,oeoUoeEe,ee,mwebe,---+--+-
Calderón,Loa para la comedia de Los tres mayores prodigios,Loa,ø,0,55,229,HÉRCULES,,X,"pero en vano, pues no hubo",8,1,eeAoeOUo,uo,ubo,--+--++-
Calderón,Loa para la comedia de Los tres mayores prodigios,Loa,ø,0,55,230,HÉRCULES,,X,fiera que me redimiese,8,0,EaeeeiEe,ee,mjese,+-----+-
Calderón,Loa para la comedia de Los tres mayores prodigios,Loa,ø,0,55,231,HÉRCULES,,X,ni por lo veloz su piel,8,0,iooeOuE,e,pjel,----+-+
Calderón,Loa para la comedia de Los tres mayores prodigios,Loa,ø,0,55,232,HÉRCULES,,X,ni su testa por lo fuerte:,8,0,iuEaooEe,ee,fweɾte,--+---+-
Calderón,Loa para la comedia de Los tres mayores prodigios,Loa,ø,0,55,233,HÉRCULES,,X,aquélla para vestirme,8,0,aEaaaeIe,ie,tiɾme,-+----+-
Calderón,Loa para la comedia de Los tres mayores prodigios,Loa,ø,0,55,234,HÉRCULES,,X,al arbitrio de sus pieles,8,0,aaIoeuEe,ee,pjeles,--+---+-
Calderón,Loa para la comedia de Los tres mayores prodigios,Loa,ø,0,55,235,HÉRCULES,,X,y ésta para que de adorno,8,0,EaaaeaOo,oo,doɾno,+-----+-
Calderón,Loa para la comedia de Los tres mayores prodigios,Loa,ø,0,55,236,HÉRCULES,,X,"a mis umbrales sirviese,",8,0,aiuAeiEe,ee,bjese,---+--+-
Calderón,Loa para la comedia de Los tres mayores prodigios,Loa,ø,0,55,237,HÉRCULES,,X,"que, como rey destos montes,",8,0,eooEEoOe,oe,montes,---++-+-
Calderón,Loa para la comedia de Los tres mayores prodigios,Loa,ø,0,55,238,HÉRCULES,,X,en sus frisos y linteles,8,0,euIoiEe,ee,teles,--+--+-
Calderón,Loa para la comedia de Los tres mayores prodigios,Loa,ø,0,55,239,HÉRCULES,,X,tengo guarda de animales,8,0,EoAaaiAe,ae,males,+-+---+-
Calderón,Loa para la comedia de Los tres mayores prodigios,Loa,ø,0,55,240,HÉRCULES,,X,para cuando salga y entre.,8,1,aaaoAaEe,ee,entɾe,----+-+-
Calderón,Loa para la comedia de Los tres mayores prodigios,Loa,ø,0,55,241,HÉRCULES,,X,"El rey de todos lo diga,",8,0,eEeOooIa,ia,diga,-+-+--+-
Calderón,Loa para la comedia de Los tres mayores prodigios,Loa,ø,0,55,242,HÉRCULES,,X,dígalo el signo rugiente,8,0,IaeIouEe,ee,xjente,+--+--+-
Calderón,Loa para la comedia de Los tres mayores prodigios,Loa,ø,0,55,243,HÉRCULES,,X,"de julio, a cuyo bramido",8,1,eUauoaIo,io,mido,-+----+-
Calderón,Loa para la comedia de Los tres mayores prodigios,Loa,ø,0,55,244,HÉRCULES,,X,"todo el Flegra se estremece,",8,0,oeEaeeEe,ee,meθe,--+---+-
Calderón,Loa para la comedia de Los tres mayores prodigios,Loa,ø,0,55,245,HÉRCULES,,X,pues tal vez que para mí,8,0,eAEeaaI,i,mi,-++---+
Calderón,Loa para la comedia de Los tres mayores prodigios,Loa,ø,0,55,246,HÉRCULES,,X,"vino erizando la frente,",8,0,IeiAoaEe,ee,fɾente,+--+--+-
Calderón,Loa para la comedia de Los tres mayores prodigios,Loa,ø,0,55,247,HÉRCULES,,X,escarapelando el cuello,8,0,eaaeAeEo,eo,kweʎo,----+-+-
Calderón,Loa para la comedia de Los tres mayores prodigios,Loa,ø,0,55,248,HÉRCULES,,X,"la melena que de él pende,",8,0,aeEaeEEe,ee,pende,--+--++-
Calderón,Loa para la comedia de Los tres mayores prodigios,Loa,ø,0,55,249,HÉRCULES,,X,rugando el ceño y sacando,8,0,uAeEaAo,ao,kando,-+-+-+-
Calderón,Loa para la comedia de Los tres mayores prodigios,Loa,ø,0,55,250,HÉRCULES,,X,de la vainas donde tiene,8,0,eaAaoeEe,ee,tjene,--+---+-
Calderón,Loa para la comedia de Los tres mayores prodigios,Loa,ø,0,55,251,HÉRCULES,,X,"sus corvos alfanjes, yo",8,0,UOoaAeO,o,jo,++--+-+
Calderón,Loa para la comedia de Los tres mayores prodigios,Loa,ø,0,55,252,HÉRCULES,,X,con las manos solamente,8,0,oaAoOaEe,ee,mente,--+-+-+-
Calderón,Loa para la comedia de Los tres mayores prodigios,Loa,ø,0,55,253,HÉRCULES,,X,"hice la presa en su boca,",8,0,IeaEeuOa,oa,boka,+--+--+-
Calderón,Loa para la comedia de Los tres mayores prodigios,Loa,ø,0,55,254,HÉRCULES,,X,donde no pudo saberse,8,0,oeOUoaEe,ee,beɾse,--++--+-
Calderón,Loa para la comedia de Los tres mayores prodigios,Loa,ø,0,55,255,HÉRCULES,,X,de sus dientes o mis dedos,8,0,euEeoiEo,eo,dedos,--+---+-
Calderón,Loa para la comedia de Los tres mayores prodigios,Loa,ø,0,55,256,HÉRCULES,,X,o cuáles los dedos fuesen,8,0,oAeoEoEe,ee,fwesen,-+--+-+-
Calderón,Loa para la comedia de Los tres mayores prodigios,Loa,ø,0,55,257,HÉRCULES,,X,"o cuáles los dientes, pues,",8,0,oAeoEeE,e,pwes,-+--+-+
Calderón,Loa para la comedia de Los tres mayores prodigios,Loa,ø,0,55,258,HÉRCULES,,X,"competidos igualmente,",8,0,oeIoiAEe,ee,mente,--+--++-
Calderón,Loa para la comedia de Los tres mayores prodigios,Loa,ø,0,55,259,HÉRCULES,,X,yo le mordí con las manos,8,0,oeoIoaAo,ao,manos,---+--+-
Calderón,Loa para la comedia de Los tres mayores prodigios,Loa,ø,0,55,260,HÉRCULES,,X,"y él me tentó con los dientes,",8,0,EeeOooEe,ee,djentes,+--+--+-
Calderón,Loa para la comedia de Los tres mayores prodigios,Loa,ø,0,55,261,HÉRCULES,,X,sin saber uno de otro,8,0,iaEuoeOo,oo,otɾo,--+---+-
Calderón,Loa para la comedia de Los tres mayores prodigios,Loa,ø,0,55,262,HÉRCULES,,X,"quién es, quién toca o quién muerde",8,0,EEEOoEEe,ee,mweɾde,++++-++-
Calderón,Loa para la comedia de Los tres mayores prodigios,Loa,ø,0,55,263,HÉRCULES,,X,"hasta que, desencajados",8,0,aaeeeaAo,ao,xados,------+-
Calderón,Loa para la comedia de Los tres mayores prodigios,Loa,ø,0,55,264,HÉRCULES,,X,"los dos dentados arneses,",8,0,oOeAoaEe,ee,neses,-+-+--+-
Calderón,Loa para la comedia de Los tres mayores prodigios,Loa,ø,0,55,265,HÉRCULES,,X,"abrió de una vez la boca,",8,0,aOUaEaOa,oa,boka,-++-+-+-
Calderón,Loa para la comedia de Los tres mayores prodigios,Loa,ø,0,55,266,HÉRCULES,,X,haciéndole que se diese,8,0,aEoeeeEe,ee,djese,-+----+-
Calderón,Loa para la comedia de Los tres mayores prodigios,Loa,ø,0,55,267,HÉRCULES,,X,con esta parte en el lomo,8,0,oEaAeeOo,oo,lomo,-+-+--+-
Calderón,Loa para la comedia de Los tres mayores prodigios,Loa,ø,0,55,268,HÉRCULES,,X,y con estotra en el vientre;,8,0,oeOeeEe,ee,bjentɾe,--+--+-
Calderón,Loa para la comedia de Los tres mayores prodigios,Loa,ø,0,55,269,HÉRCULES,,X,"el espín lo diga, pues,",8,0,eeIoIaE,e,pwes,--+-+-+
Calderón,Loa para la comedia de Los tres mayores prodigios,Loa,ø,0,55,270,HÉRCULES,,X,"aunque de sus flechas juegue,",8,0,aeeuEaEe,ee,xwege,----+-+-
Calderón,Loa para la comedia de Los tres mayores prodigios,Loa,ø,0,55,271,HÉRCULES,,X,no le bastó para mí,8,0,OeaOaaI,i,mi,+--+--+
Calderón,Loa para la comedia de Los tres mayores prodigios,Loa,ø,0,55,272,HÉRCULES,,X,el ser aljaba viviente;,8,0,eEaAaiEe,ee,bjente,-+-+--+-
Calderón,Loa para la comedia de Los tres mayores prodigios,Loa,ø,0,55,273,HÉRCULES,,X,Aqueloo en las formas varias,8,0,aeeaOaAa,aa,baɾjas,----+-+-
Calderón,Loa para la comedia de Los tres mayores prodigios,Loa,ø,0,55,274,HÉRCULES,,X,"de hombre, de toro y de sierpe,",8,0,OeeOeEe,ee,sjeɾpe,+--+-+-
Calderón,Loa para la comedia de Los tres mayores prodigios,Loa,ø,0,55,275,HÉRCULES,,X,cuyo trofeo es la copia,8,1,uooEEaOa,oa,kopja,---++-+-
Calderón,Loa para la comedia de Los tres mayores prodigios,Loa,ø,0,55,276,HÉRCULES,,X,que Flora abundante vierte;,8,0,eOauAeEe,ee,bjeɾte,-+--+-+-
Calderón,Loa para la comedia de Los tres mayores prodigios,Loa,ø,0,55,277,HÉRCULES,,X,Gerïón con tres semblantes,8,0,eiOoEeAe,ae,blantes,--+-+-+-
Calderón,Loa para la comedia de Los tres mayores prodigios,Loa,ø,0,55,278,HÉRCULES,,X,"de tres rostros diferentes,",8,0,eEOoieEe,ee,ɾentes,-++---+-
Calderón,Loa para la comedia de Los tres mayores prodigios,Loa,ø,0,55,279,HÉRCULES,,X,siendo trofeo a mis plantas,8,1,EooEaiAa,aa,plantas,+--+--+-
Calderón,Loa para la comedia de Los tres mayores prodigios,Loa,ø,0,56,280,HÉRCULES y JASÓN,,X,"cuando de mis manos... Tente,",8,0,aoeiAoEe,ee,tente,----+-+-
Calderón,Loa para la comedia de Los tres mayores prodigios,Loa,ø,0,56,281,JASÓN,,X,que para saber tus hechos,8,0,eaaaEuEo,eo,etʃos,----+-+-
Calderón,Loa para la comedia de Los tres mayores prodigios,Loa,ø,0,56,282,JASÓN,,X,"no importa que los acuerdes,",8,0,iOaeoaEe,ee,kweɾdes,-+----+-
Calderón,Loa para la comedia de Los tres mayores prodigios,Loa,ø,0,56,283,JASÓN,,X,"mas, si para desahogarte",8,0,AiaaeoAe,ae,gaɾte,+-----+-
Calderón,Loa para la comedia de Los tres mayores prodigios,Loa,ø,0,56,284,JASÓN,,X,"quiere el dolor que los cuentes,",8,0,EeoOeoEe,ee,kwentes,+--+--+-
Calderón,Loa para la comedia de Los tres mayores prodigios,Loa,ø,0,56,285,JASÓN,,X,no repitas los menores,8,0,OeIaoeOe,oe,noɾes,+-+---+-
Calderón,Loa para la comedia de Los tres mayores prodigios,Loa,ø,0,56,286,JASÓN,,X,cuando los mayores puedes:,8,0,aooaOeEe,ee,pwedes,----+-+-
Calderón,Loa para la comedia de Los tres mayores prodigios,Loa,ø,0,56,287,JASÓN,,X,di que al trifauce feroz,8,0,IaiAeeO,o,ɾoθ,+--+--+
Calderón,Loa para la comedia de Los tres mayores prodigios,Loa,ø,0,56,288,JASÓN,,X,"Cerbero, que a cargo tiene",8,0,eEoaAoEe,ee,tjene,-+--+-+-
Calderón,Loa para la comedia de Los tres mayores prodigios,Loa,ø,0,56,289,JASÓN,,X,"el infierno, siendo guarda",8,0,eiEoEoAa,aa,gwaɾda,--+-+-+-
Calderón,Loa para la comedia de Los tres mayores prodigios,Loa,ø,0,56,290,JASÓN,,X,"de todo el Cocito, prendes;",8,0,eoeoIoEe,ee,pɾendes,----+-+-
Calderón,Loa para la comedia de Los tres mayores prodigios,Loa,ø,0,56,291,JASÓN,,X,"di que sus gargantas tres,",8,0,IeuaAaE,e,tɾes,+---+-+
Calderón,Loa para la comedia de Los tres mayores prodigios,Loa,ø,0,56,292,JASÓN,,X,"a solo un yugo obedientes,",8,0,aOUUoeEe,ee,djentes,-+++--+-
Calderón,Loa para la comedia de Los tres mayores prodigios,Loa,ø,0,56,293,JASÓN,,X,dominaron las cervices,8,0,oiAoaeIe,ie,biθes,--+---+-
Calderón,Loa para la comedia de Los tres mayores prodigios,Loa,ø,0,56,294,JASÓN,,X,"hasta aquel punto rebeldes,",8,0,aaEUoeEe,ee,beldes,--++--+-
Calderón,Loa para la comedia de Los tres mayores prodigios,Loa,ø,0,56,295,JASÓN,,X,cuya saliva escupida,8,1,uaaIeuIa,ia,pida,---+--+-
Calderón,Loa para la comedia de Los tres mayores prodigios,Loa,ø,0,56,296,JASÓN,,X,con las bascas de la muerte,8,0,oaAaeaEe,ee,mweɾte,--+---+-
Calderón,Loa para la comedia de Los tres mayores prodigios,Loa,ø,0,56,297,JASÓN,,X,fue tósigo de las yerbas,8,0,EOioeaEa,ea,jeɾbas,++----+-
Calderón,Loa para la comedia de Los tres mayores prodigios,Loa,ø,0,56,298,JASÓN,,X,que él escupe y ellas beben;,8,1,EeUeeaEe,ee,beben,+-+---+-
Calderón,Loa para la comedia de Los tres mayores prodigios,Loa,ø,0,56,299,JASÓN,,X,di que a las fieras arpías,8,1,IaaEaaIa,ia,pias,+--+--+-
Calderón,Loa para la comedia de Los tres mayores prodigios,Loa,ø,0,56,300,JASÓN,,X,"de Fineo, aves crueles",8,1,eiEAeuEe,ee,eles,--++--+-
Calderón,Loa para la comedia de Los tres mayores prodigios,Loa,ø,0,56,301,JASÓN,,X,que con rostro humano y plumas,8,0,eoOuAUa,ua,plumas,--+-++-
Calderón,Loa para la comedia de Los tres mayores prodigios,Loa,ø,0,56,302,JASÓN,,X,"monstruos de entrambas especies,",8,0,OoeAaeEe,ee,peθjes,+--+--+-
Calderón,Loa para la comedia de Los tres mayores prodigios,Loa,ø,0,56,303,JASÓN,,X,"desterraste; que a la Hidra,",8,1,eeAeaaIa,ia,idɾa,--+---+-
Calderón,Loa para la comedia de Los tres mayores prodigios,Loa,ø,0,56,304,JASÓN,,X,"cuerpo de gargantas siete,",8,0,EoeaAaEe,ee,sjete,+---+-+-
Calderón,Loa para la comedia de Los tres mayores prodigios,Loa,ø,0,56,305,JASÓN,,X,"venciste, atajando que una",8,0,eiaaAoUa,ua,una,----+-+-
Calderón,Loa para la comedia de Los tres mayores prodigios,Loa,ø,0,56,306,JASÓN,,X,otras tantas acreciente;,8,0,oaaaaeEe,ee,θjente,------+-
Calderón,Loa para la comedia de Los tres mayores prodigios,Loa,ø,0,57,307,JASÓN y TESEO,,XM,di... ¿Por qué le embarazas,8,0,IoEeeaAa,aa,ɾaθas,+-+---+-
Calderón,Loa para la comedia de Los tres mayores prodigios,Loa,ø,0,57,308,TESEO,,M,"que él lo diga, si tú emprendes",8,0,EoIaiUEe,ee,pɾendes,+-+--++-
Calderón,Loa para la comedia de Los tres mayores prodigios,Loa,ø,0,57,309,TESEO,,M,para atajar sus discursos,8,0,aaaAuiUo,uo,kuɾsos,---+--+-
Calderón,Loa para la comedia de Los tres mayores prodigios,Loa,ø,0,57,310,TESEO,,M,alargar los tuyos? Cesen,8,0,aaAoUoEe,ee,θesen,--+-+-+-
Calderón,Loa para la comedia de Los tres mayores prodigios,Loa,ø,0,57,311,TESEO,,M,"unos y otros con decir,",8,0,uooooeI,i,θiɾ,------+
Calderón,Loa para la comedia de Los tres mayores prodigios,Loa,ø,0,57,312,TESEO,,M,por que sus fatigas lleguen,8,0,oeuaIaEe,ee,ʎegen,----+-+-
Calderón,Loa para la comedia de Los tres mayores prodigios,Loa,ø,0,57,313,TESEO,,M,"a su número, que Atlante,",8,0,auUeoaAe,ae,lante,--+---+-
Calderón,Loa para la comedia de Los tres mayores prodigios,Loa,ø,0,57,314,TESEO,,M,"monte africano eminente,",8,0,OaiAeiEe,ee,nente,+--+--+-
Calderón,Loa para la comedia de Los tres mayores prodigios,Loa,ø,0,57,315,TESEO,,M,coluna en que todo el cielo,8,0,oUeeoeEo,eo,θjelo,-+----+-
Calderón,Loa para la comedia de Los tres mayores prodigios,Loa,ø,0,57,316,TESEO,,M,"descansa, llegando a verse",8,0,eAaeAaEe,ee,beɾse,-+--+-+-
Calderón,Loa para la comedia de Los tres mayores prodigios,Loa,ø,0,57,317,TESEO,,M,con el peso fatigado,8,0,oeEoaiAo,ao,gado,--+---+-
Calderón,Loa para la comedia de Los tres mayores prodigios,Loa,ø,0,57,318,TESEO,,M,"de esa fábrica celeste,",8,0,EaAiaeEe,ee,leste,+-+---+-
Calderón,Loa para la comedia de Los tres mayores prodigios,Loa,ø,0,57,319,TESEO,,M,le pidió socorro y él,8,1,eiOoOoE,e,el,--+-+-+
Calderón,Loa para la comedia de Los tres mayores prodigios,Loa,ø,0,57,320,TESEO,,M,poniendo el hombro y la frente,8,0,oEeOaEe,ee,fɾente,-+-+-+-
Calderón,Loa para la comedia de Los tres mayores prodigios,Loa,ø,0,57,321,TESEO,,M,al ya desquiciado rumbo,8,0,aAeiAoUo,uo,rumbo,-+--+-+-
Calderón,Loa para la comedia de Los tres mayores prodigios,Loa,ø,0,57,322,TESEO,,M,"que, trastornándose débil,",8,0,eaoAoeEi,ei,debil,---+--+-
Calderón,Loa para la comedia de Los tres mayores prodigios,Loa,ø,0,57,323,TESEO,,M,"hizo titubear sus polos,",8,0,IoiuAuOo,oo,polos,+---+-+-
Calderón,Loa para la comedia de Los tres mayores prodigios,Loa,ø,0,57,324,TESEO,,M,"hizo reclinar sus ejes,",8,0,IoeiAuEe,ee,exes,+---+-+-
Calderón,Loa para la comedia de Los tres mayores prodigios,Loa,ø,0,57,325,TESEO,,M,"le aseguró, dando espacio",8,0,aeuOAeAo,ao,paθjo,---++-+-
Calderón,Loa para la comedia de Los tres mayores prodigios,Loa,ø,0,57,326,TESEO,,M,para que Atlante se aliente,8,0,aaaAeaEe,ee,ljente,---+--+-
Calderón,Loa para la comedia de Los tres mayores prodigios,Loa,ø,0,57,327,TESEO,,M,en tanto que él sustenía,8,1,eAoEueIa,ia,nia,-+-+--+-
Calderón,Loa para la comedia de Los tres mayores prodigios,Loa,ø,0,57,328,TESEO,,M,"toda esa luz, todo ese",8,1,oEaUooEe,ee,ese,-+-+--+-
Calderón,Loa para la comedia de Los tres mayores prodigios,Loa,ø,0,57,329,TESEO,,M,pavimento que en la estancia,8,0,aiEoeeAa,aa,tanθja,--+---+-
Calderón,Loa para la comedia de Los tres mayores prodigios,Loa,ø,0,57,330,TESEO,,M,de once globos trasparentes,8,0,OeOoaaEe,ee,ɾentes,+-+---+-
Calderón,Loa para la comedia de Los tres mayores prodigios,Loa,ø,0,57,331,TESEO,,M,son estrado de las diosas,8,0,OeAoeaOa,oa,djosas,+-+---+-
Calderón,Loa para la comedia de Los tres mayores prodigios,Loa,ø,0,57,332,TESEO,,M,y de los dioses doseles;,8,0,eoOeoEe,ee,seles,--+--+-
Calderón,Loa para la comedia de Los tres mayores prodigios,Loa,ø,0,57,333,TESEO,,M,"que no es justo, no, que tú",8,0,eEUoOeU,u,tu,-++-+-+
Calderón,Loa para la comedia de Los tres mayores prodigios,Loa,ø,0,57,334,TESEO,,M,"hoy sus vitorias renueves,",8,0,OuiOaeEe,ee,nwebes,+--+--+-
Calderón,Loa para la comedia de Los tres mayores prodigios,Loa,ø,0,57,335,TESEO,,M,cuando de sus sentimientos,8,0,aoeueiEo,eo,mjentos,------+-
Calderón,Loa para la comedia de Los tres mayores prodigios,Loa,ø,0,57,336,TESEO,,M,estamos los dos pendientes.,8,0,eAooOeEe,ee,djentes,-+--+-+-
Calderón,Loa para la comedia de Los tres mayores prodigios,Loa,ø,0,58,337,HÉRCULES,,X,Pues yo que tantas fatigas,8,0,eoeAaaIa,ia,tigas,---+--+-
Calderón,Loa para la comedia de Los tres mayores prodigios,Loa,ø,0,58,338,HÉRCULES,,X,"vencí, que tan excelentes",8,0,eIeAeeEe,ee,lentes,-+-+--+-
Calderón,Loa para la comedia de Los tres mayores prodigios,Loa,ø,0,58,339,HÉRCULES,,X,"aplausos gané, a una pena",8,0,aAoaUaEa,ea,pena,-+--+-+-
Calderón,Loa para la comedia de Los tres mayores prodigios,Loa,ø,0,58,340,HÉRCULES,,X,"postrado estoy y obediente,",8,1,oAeOoeEe,ee,djente,-+-+--+-
Calderón,Loa para la comedia de Los tres mayores prodigios,Loa,ø,0,58,341,HÉRCULES,,X,porque quiere una hermosura,8,0,oeEUeoUa,ua,suɾa,--++--+-
Calderón,Loa para la comedia de Los tres mayores prodigios,Loa,ø,0,58,342,HÉRCULES,,X,"que a su dolor me sujete,",8,0,auoOeuEe,ee,xete,---+--+-
Calderón,Loa para la comedia de Los tres mayores prodigios,Loa,ø,0,58,343,HÉRCULES,,X,"que a su violencia me rinda,",8,0,auoEaeIa,ia,rinda,---+--+-
Calderón,Loa para la comedia de Los tres mayores prodigios,Loa,ø,0,58,344,HÉRCULES,,X,pero ¿qué remedio tiene,8,0,eoeeEoEe,ee,tjene,----+-+-
Calderón,Loa para la comedia de Los tres mayores prodigios,Loa,ø,0,58,345,HÉRCULES,,X,"rendirme ni sujetarme,",8,0,eIeiueAe,ae,taɾme,-+----+-
Calderón,Loa para la comedia de Los tres mayores prodigios,Loa,ø,0,58,346,HÉRCULES,,X,si una hermosura lo quiere?,8,0,UeoUaoEe,ee,kjeɾe,+--+--+-
Calderón,Loa para la comedia de Los tres mayores prodigios,Loa,ø,0,58,347,HÉRCULES,,X,"No ya pienses, ¡ay, Jasón!,",8,0,OAEeAaO,o,son,+++-+-+
Calderón,Loa para la comedia de Los tres mayores prodigios,Loa,ø,0,58,348,HÉRCULES,,X,"¡ay, Teseo!, no ya pienses,",8,0,AeEoOAEe,ee,pjenses,+-+-+++-
Calderón,Loa para la comedia de Los tres mayores prodigios,Loa,ø,0,58,349,HÉRCULES,,X,"porque una hermosura dije,",8,0,oUeoUaIe,ie,dixe,-+--+-+-
Calderón,Loa para la comedia de Los tres mayores prodigios,Loa,ø,0,58,350,HÉRCULES,,X,que hoy mi desdicha procede,8,0,OieIaoEe,ee,θede,+--+--+-
Calderón,Loa para la comedia de Los tres mayores prodigios,Loa,ø,0,58,351,HÉRCULES,,X,"de aquel linaje, de aquel",8,0,aEiAeaE,e,kel,-+-+--+
Calderón,Loa para la comedia de Los tres mayores prodigios,Loa,ø,0,58,352,HÉRCULES,,X,"género, de aquella especie",8,0,EeoaEeEe,ee,peθje,+---+-+-
Calderón,Loa para la comedia de Los tres mayores prodigios,Loa,ø,0,58,353,HÉRCULES,,X,"de amor que otra vez me vio,",8,0,aOoaEeO,o,bjo,-+--+-+
Calderón,Loa para la comedia de Los tres mayores prodigios,Loa,ø,0,58,354,HÉRCULES,,X,"a su precepto obediente,",8,0,aueEoeEe,ee,djente,---+--+-
Calderón,Loa para la comedia de Los tres mayores prodigios,Loa,ø,0,58,355,HÉRCULES,,X,"enamorado de Heyole,",8,1,eaoAoeOe,oe,jole,---+--+-
Calderón,Loa para la comedia de Los tres mayores prodigios,Loa,ø,0,58,356,HÉRCULES,,X,hilando con sus mujeres;,8,0,iAoouuEe,ee,xeɾes,-+----+-
Calderón,Loa para la comedia de Los tres mayores prodigios,Loa,ø,0,58,357,HÉRCULES,,X,"otra especie, otro linaje,",8,0,oeEooiAe,ae,naxe,--+---+-
Calderón,Loa para la comedia de Los tres mayores prodigios,Loa,ø,0,58,358,HÉRCULES,,X,otro género padece,8,0,ooEeoaEe,ee,deθe,--+---+-
Calderón,Loa para la comedia de Los tres mayores prodigios,Loa,ø,0,58,359,HÉRCULES,,X,de amor mi vida y aun dije,8,1,aOiIaAIe,ie,dixe,-+-+-++-
Calderón,Loa para la comedia de Los tres mayores prodigios,Loa,ø,0,58,360,HÉRCULES,,X,mal de amor porque no puede,8,0,AaOoeOEe,ee,pwede,+-+--++-
Calderón,Loa para la comedia de Los tres mayores prodigios,Loa,ø,0,58,361,HÉRCULES,,X,"ser amor el que es agravio,",8,0,EaOeEaAo,ao,gɾabjo,+-+-+-+-
Calderón,Loa para la comedia de Los tres mayores prodigios,Loa,ø,0,58,362,HÉRCULES,,X,ser lisonja la que es muerte.,8,0,EiOaaEEe,ee,mweɾte,+-+--++-
Calderón,Loa para la comedia de Los tres mayores prodigios,Loa,ø,0,58,363,HÉRCULES,,X,Deyanira... al pronunciarla,8,1,eaIaouAa,aa,θjaɾla,--+---+-
Calderón,Loa para la comedia de Los tres mayores prodigios,Loa,ø,0,58,364,HÉRCULES,,X,o se hiela o se enmudece,8,1,oeEoeuEe,ee,deθe,--+---+-
Calderón,Loa para la comedia de Los tres mayores prodigios,Loa,ø,0,58,365,HÉRCULES,,X,"el labio, falta la voz,",8,0,eAoAaaO,o,boθ,-+-+--+
Calderón,Loa para la comedia de Los tres mayores prodigios,Loa,ø,0,58,366,HÉRCULES,,X,"duda el alma, el pecho teme",8,0,UeAeEoEe,ee,teme,+-+-+-+-
Calderón,Loa para la comedia de Los tres mayores prodigios,Loa,ø,0,58,367,HÉRCULES,,X,"y la lengua titubea,",8,0,aEaiuEa,ea,bea,-+---+-
Calderón,Loa para la comedia de Los tres mayores prodigios,Loa,ø,0,58,368,HÉRCULES,,X,"tartamuda o balbuciente,",8,0,aaUoauEe,ee,θjente,--+---+-
Calderón,Loa para la comedia de Los tres mayores prodigios,Loa,ø,0,58,369,HÉRCULES,,X,porque es más decir su agravio,8,0,oEAeIaAo,ao,gɾabjo,-++-+-+-
Calderón,Loa para la comedia de Los tres mayores prodigios,Loa,ø,0,58,370,HÉRCULES,,X,un hombre que padecerle.,8,0,UOeeaeEe,ee,θeɾle,++----+-
Calderón,Loa para la comedia de Los tres mayores prodigios,Loa,ø,0,58,371,HÉRCULES,,X,"Deyanira, linfa bella",8,0,eaIaIaEa,ea,beʎa,--+-+-+-
Calderón,Loa para la comedia de Los tres mayores prodigios,Loa,ø,0,58,372,HÉRCULES,,X,"de las cristalinas fuentes,",8,0,eaiaIaEe,ee,fwentes,----+-+-
Calderón,Loa para la comedia de Los tres mayores prodigios,Loa,ø,0,58,373,HÉRCULES,,X,"náyade destos peñascos,",8,0,AaeEoeAo,ao,ɲaskos,+--+--+-
Calderón,Loa para la comedia de Los tres mayores prodigios,Loa,ø,0,58,374,HÉRCULES,,X,"ninfa de aquestos vergeles,",8,0,IaaEoeEe,ee,xeles,+--+--+-
Calderón,Loa para la comedia de Los tres mayores prodigios,Loa,ø,0,58,375,HÉRCULES,,X,dríade de aquestos montes,8,1,IaeaEoOe,oe,montes,+---+-+-
Calderón,Loa para la comedia de Los tres mayores prodigios,Loa,ø,0,58,376,HÉRCULES,,X,a quien la nobleza y plebe,8,0,aeaoEEe,ee,plebe,----++-
Calderón,Loa para la comedia de Los tres mayores prodigios,Loa,ø,0,58,377,HÉRCULES,,X,de las flores y cristales,8,0,eaOeiAe,ae,tales,--+--+-
Calderón,Loa para la comedia de Los tres mayores prodigios,Loa,ø,0,58,378,HÉRCULES,,X,saludaron tantas veces,8,0,auAoAaEe,ee,beθes,--+-+-+-
Calderón,Loa para la comedia de Los tres mayores prodigios,Loa,ø,0,58,379,HÉRCULES,,X,"por Venus de sus amores,",8,0,oEueuaOe,oe,moɾes,-+----+-
Calderón,Loa para la comedia de Los tres mayores prodigios,Loa,ø,0,58,380,HÉRCULES,,X,"por Flora de sus claveles,",8,0,oOaeuaEe,ee,beles,-+----+-
Calderón,Loa para la comedia de Los tres mayores prodigios,Loa,ø,0,58,381,HÉRCULES,,X,por Dïana de sus selvas,8,0,oiAaeuEa,ea,selbas,--+---+-
Calderón,Loa para la comedia de Los tres mayores prodigios,Loa,ø,0,58,382,HÉRCULES,,X,y de sus frutos por Ceres;,8,0,euUooEe,ee,θeɾes,--+--+-
Calderón,Loa para la comedia de Los tres mayores prodigios,Loa,ø,0,58,383,HÉRCULES,,X,"Deyanira, cuyos ojos,",8,0,eaIauoOo,oo,oxos,--+---+-
Calderón,Loa para la comedia de Los tres mayores prodigios,Loa,ø,0,58,384,HÉRCULES,,X,"si amanecen, no amanece,",8,0,aaEeaaEe,ee,neθe,--+---+-
Calderón,Loa para la comedia de Los tres mayores prodigios,Loa,ø,0,58,385,HÉRCULES,,X,a todas horas del día,8,0,aoaOaeIa,ia,dia,---+--+-
Calderón,Loa para la comedia de Los tres mayores prodigios,Loa,ø,0,58,386,HÉRCULES,,X,eran dueños del oriente;,8,0,EaEoeoEe,ee,ɾjente,+-+---+-
Calderón,Loa para la comedia de Los tres mayores prodigios,Loa,ø,0,58,387,HÉRCULES,,X,"Deyanira, a cuyo pie",8,1,eaIauoE,e,pje,--+---+
Calderón,Loa para la comedia de Los tres mayores prodigios,Loa,ø,0,58,388,HÉRCULES,,X,se redujo en cárcel breve,8,0,eeUeAeEe,ee,bɾebe,--+-+-+-
Calderón,Loa para la comedia de Los tres mayores prodigios,Loa,ø,0,58,389,HÉRCULES,,X,toda la esfera del fuego,8,0,oaeEaeEo,eo,fwego,---+--+-
Calderón,Loa para la comedia de Los tres mayores prodigios,Loa,ø,0,58,390,HÉRCULES,,X,solo a un átomo de nieve;,8,0,OUAooeEe,ee,njebe,+++---+-
Calderón,Loa para la comedia de Los tres mayores prodigios,Loa,ø,0,58,391,HÉRCULES,,X,"Deyanira, esposa mía,",8,1,eaIeOaIa,ia,mia,--+-+-+-
Calderón,Loa para la comedia de Los tres mayores prodigios,Loa,ø,0,58,392,HÉRCULES,,X,a quien como al alma quiere,8,0,aeoaAaEe,ee,kjeɾe,----+-+-
Calderón,Loa para la comedia de Los tres mayores prodigios,Loa,ø,0,58,393,HÉRCULES,,X,"el alma, porque es mi esposa",8,0,eAaoEeOa,oa,posa,-+--+-+-
Calderón,Loa para la comedia de Los tres mayores prodigios,Loa,ø,0,58,394,HÉRCULES,,X,y mi dama juntamente;,8,0,iAaUaEe,ee,mente,-+-+-+-
Calderón,Loa para la comedia de Los tres mayores prodigios,Loa,ø,0,58,395,HÉRCULES,,X,"de mi lecho, de mis brazos",8,0,eiEoeiAo,ao,bɾaθos,--+---+-
Calderón,Loa para la comedia de Los tres mayores prodigios,Loa,ø,0,58,396,HÉRCULES,,X,"de mis ojos... ¡Oh, reviente",8,0,eiOoOeEe,ee,bjente,--+-+-+-
Calderón,Loa para la comedia de Los tres mayores prodigios,Loa,ø,0,58,397,HÉRCULES,,X,"el pecho antes que lo diga!,",8,0,eEAeeoIa,ia,diga,-++---+-
Calderón,Loa para la comedia de Los tres mayores prodigios,Loa,ø,0,58,398,HÉRCULES,,X,aunque ya no me parece,8,0,aeAOeaEe,ee,ɾeθe,--++--+-
Calderón,Loa para la comedia de Los tres mayores prodigios,Loa,ø,0,58,399,HÉRCULES,,X,"que habré menester decirlo,",8,0,aEeeEeIo,io,θiɾlo,-+--+-+-
Calderón,Loa para la comedia de Los tres mayores prodigios,Loa,ø,0,58,400,HÉRCULES,,X,pues ello mismo se entiende,8,0,eeoIoeEe,ee,tjende,---+--+-
Calderón,Loa para la comedia de Los tres mayores prodigios,Loa,ø,0,58,401,HÉRCULES,,X,"con nombrarla y con llorarla,",8,0,ooAooAa,aa,ɾaɾla,--+--+-
Calderón,Loa para la comedia de Los tres mayores prodigios,Loa,ø,0,58,402,HÉRCULES,,X,pues tierna y rabiosamente,8,0,eEaOaEe,ee,mente,-+-+-+-
Calderón,Loa para la comedia de Los tres mayores prodigios,Loa,ø,0,58,403,HÉRCULES,,X,no se llora una hermosura,8,0,OeOUeoUa,ua,suɾa,+-++--+-
Calderón,Loa para la comedia de Los tres mayores prodigios,Loa,ø,0,58,404,HÉRCULES,,X,sino el día que se pierde.,8,1,ieIaeeEe,ee,pjeɾde,--+---+-
Calderón,Loa para la comedia de Los tres mayores prodigios,Loa,ø,0,58,405,HÉRCULES,,X,"No imaginéis que murió,",8,0,iaiEeuO,o,ɾjo,---+--+
Calderón,Loa para la comedia de Los tres mayores prodigios,Loa,ø,0,58,406,HÉRCULES,,X,que ese mal con ser tan fuerte,8,0,EeAoEAEe,ee,fweɾte,+-+-+++-
Calderón,Loa para la comedia de Los tres mayores prodigios,Loa,ø,0,58,407,HÉRCULES,,X,fuera consuelo; mirad,8,0,EaoEoiA,a,ɾad,+--+--+
Calderón,Loa para la comedia de Los tres mayores prodigios,Loa,ø,0,58,408,HÉRCULES,,X,"los dos, pues que sois prudentes,",8,0,oOeeOuEe,ee,dentes,-+--+-+-
Calderón,Loa para la comedia de Los tres mayores prodigios,Loa,ø,0,58,409,HÉRCULES,,X,"cuál será mi pena, cuando",8,0,AeAiEaAo,ao,kwando,+-+-+-+-
Calderón,Loa para la comedia de Los tres mayores prodigios,Loa,ø,0,58,410,HÉRCULES,,X,fuera consuelo su muerte.,8,0,EaoEouEe,ee,mweɾte,+--+--+-
Calderón,Loa para la comedia de Los tres mayores prodigios,Loa,ø,0,58,411,HÉRCULES,,X,"Un monstruo de esos a quien,",8,0,UOoeoaE,e,kjen,++----+
Calderón,Loa para la comedia de Los tres mayores prodigios,Loa,ø,0,58,412,HÉRCULES,,X,"porque los caballos prenden,",8,0,oeoaAoEe,ee,pɾenden,----+-+-
Calderón,Loa para la comedia de Los tres mayores prodigios,Loa,ø,0,58,413,HÉRCULES,,X,"medio hombres, medio caballos,",8,0,eOeEoaAo,ao,baʎos,-+-+--+-
Calderón,Loa para la comedia de Los tres mayores prodigios,Loa,ø,0,58,414,HÉRCULES,,X,engañado el mundo cree;,8,1,eaAeUoEe,ee,kɾee,--+-+-+-
Calderón,Loa para la comedia de Los tres mayores prodigios,Loa,ø,0,58,415,HÉRCULES,,X,"un centauro, cuyo nombre",8,0,UeAouoOe,oe,nombɾe,+-+---+-
Calderón,Loa para la comedia de Los tres mayores prodigios,Loa,ø,0,58,416,HÉRCULES,,X,"Neso ha sido, de mi albergue",8,0,EAIoeaEe,ee,beɾge,+++---+-
Calderón,Loa para la comedia de Los tres mayores prodigios,Loa,ø,0,58,417,HÉRCULES,,X,"la ha robado. ¡Ay, infelice!,",8,1,AoAAieIe,ie,liθe,+-++--+-
Calderón,Loa para la comedia de Los tres mayores prodigios,Loa,ø,0,58,418,HÉRCULES,,X,ved los dos cuán dignamente,8,0,EoOAIaEe,ee,mente,+-+++-+-
Calderón,Loa para la comedia de Los tres mayores prodigios,Loa,ø,0,58,419,HÉRCULES,,X,quieren los hados que yo,8,0,EeoAoeO,o,jo,+--+--+
Calderón,Loa para la comedia de Los tres mayores prodigios,Loa,ø,0,58,420,HÉRCULES,,X,"me mate y me desespere,",8,0,eAeeeEe,ee,peɾe,-+---+-
Calderón,Loa para la comedia de Los tres mayores prodigios,Loa,ø,0,58,421,HÉRCULES,,X,pues como amante y marido,8,0,eoaAaIo,io,ɾido,---+-+-
Calderón,Loa para la comedia de Los tres mayores prodigios,Loa,ø,0,58,422,HÉRCULES,,X,"lloro esta ofensa dos veces,",8,0,OEoEaOEe,ee,beθes,++-+-++-
Calderón,Loa para la comedia de Los tres mayores prodigios,Loa,ø,0,58,423,HÉRCULES,,X,y más no habiendo esperanza,8,0,AaEeeAa,aa,ɾanθa,+-+--+-
Calderón,Loa para la comedia de Los tres mayores prodigios,Loa,ø,0,58,424,HÉRCULES,,X,"que mis desdichas remedie,",8,0,eieIaeEe,ee,medje,---+--+-
Calderón,Loa para la comedia de Los tres mayores prodigios,Loa,ø,0,58,425,HÉRCULES,,X,"que aun la venganza es en vano,",8,0,AaeAEeAo,ao,bano,+--++-+-
Calderón,Loa para la comedia de Los tres mayores prodigios,Loa,ø,0,58,426,HÉRCULES,,X,porque estos centauros tienen,8,0,oEoeAoEe,ee,tjenen,-+--+-+-
Calderón,Loa para la comedia de Los tres mayores prodigios,Loa,ø,0,58,427,HÉRCULES,,X,por patria el mar y la tierra,8,0,oAeAaEa,ea,tjera,-+-+-+-
Calderón,Loa para la comedia de Los tres mayores prodigios,Loa,ø,0,58,428,HÉRCULES,,X,"y, si con ella trasciende",8,0,ioeaaEe,ee,θjende,-----+-
Calderón,Loa para la comedia de Los tres mayores prodigios,Loa,ø,0,58,429,HÉRCULES,,X,"los montes, es imposible",8,0,oOeEioIe,ie,sible,-+-+--+-
Calderón,Loa para la comedia de Los tres mayores prodigios,Loa,ø,0,58,430,HÉRCULES,,X,seguirle; si pasar quiere,8,0,eIeiaAEe,ee,kjeɾe,-+---++-
Calderón,Loa para la comedia de Los tres mayores prodigios,Loa,ø,0,58,431,HÉRCULES,,X,"a esotra parte del mundo,",8,0,eOaAeeUo,uo,mundo,-+-+--+-
Calderón,Loa para la comedia de Los tres mayores prodigios,Loa,ø,0,58,432,HÉRCULES,,X,por esos mares no puede,8,0,oEoAeOEe,ee,pwede,-+-+-++-
Calderón,Loa para la comedia de Los tres mayores prodigios,Loa,ø,0,58,433,HÉRCULES,,X,mi furia alcanzarle; ved,8,0,IUaaAeE,e,bed,++--+-+
Calderón,Loa para la comedia de Los tres mayores prodigios,Loa,ø,0,58,434,HÉRCULES,,X,"si es mi desdicha bien fuerte,",8,0,EieIaEEe,ee,fweɾte,+--+-++-
Calderón,Loa para la comedia de Los tres mayores prodigios,Loa,ø,0,58,435,HÉRCULES,,X,pues hay mortal que me agravie,8,0,eAoAeaAe,ae,gɾabje,-+-+--+-
Calderón,Loa para la comedia de Los tres mayores prodigios,Loa,ø,0,58,436,HÉRCULES,,X,y no hay dioses que me venguen.,8,0,AOeeeEe,ee,bengen,++---+-
Calderón,Loa para la comedia de Los tres mayores prodigios,Loa,ø,0,59,437,TESEO,,M,"Hércules, no desconfíes",8,0,EueOeoIe,ie,fies,+--+--+-
Calderón,Loa para la comedia de Los tres mayores prodigios,Loa,ø,0,59,438,TESEO,,M,"de la venganza, pues eres",8,0,eaeAaeEe,ee,eɾes,---+--+-
Calderón,Loa para la comedia de Los tres mayores prodigios,Loa,ø,0,59,439,TESEO,,M,africano honor de Tebas,8,0,aiAoOeEa,ea,tebas,--+-+-+-
Calderón,Loa para la comedia de Los tres mayores prodigios,Loa,ø,0,59,440,TESEO,,M,y horror del orbe. Si temes,8,0,oOeOeiEe,ee,temes,-+-+--+-
Calderón,Loa para la comedia de Los tres mayores prodigios,Loa,ø,0,59,441,TESEO,,M,que las malezas incultas,8,0,eaaEaiUa,ua,kultas,---+--+-
Calderón,Loa para la comedia de Los tres mayores prodigios,Loa,ø,0,59,442,TESEO,,M,"humano pie no penetre,",8,0,uAoEOeEe,ee,netɾe,-+-++-+-
Calderón,Loa para la comedia de Los tres mayores prodigios,Loa,ø,0,59,443,TESEO,,M,yo me atrevo a entrar por ellas,8,0,oaEeAoEa,ea,eʎas,--+-+-+-
Calderón,Loa para la comedia de Los tres mayores prodigios,Loa,ø,0,59,444,TESEO,,M,sin que el cansancio me fuerce,8,0,ieaAoeEe,ee,fweɾθe,---+--+-
Calderón,Loa para la comedia de Los tres mayores prodigios,Loa,ø,0,59,445,TESEO,,M,"a dejarle de seguir,",8,0,aeAeeeI,i,giɾ,--+---+
Calderón,Loa para la comedia de Los tres mayores prodigios,Loa,ø,0,59,446,TESEO,,M,"aunque corra velozmente,",8,0,aeOaeOEe,ee,mente,--+--++-
Calderón,Loa para la comedia de Los tres mayores prodigios,Loa,ø,0,59,447,TESEO,,M,pues sin ser centauro yo,8,0,eiEeAoO,o,jo,--+-+-+
Calderón,Loa para la comedia de Los tres mayores prodigios,Loa,ø,0,59,448,TESEO,,M,tengo un caballo obediente,8,0,EUaAoeEe,ee,djente,++-+--+-
Calderón,Loa para la comedia de Los tres mayores prodigios,Loa,ø,0,59,449,TESEO,,M,a las leyes de la rienda,8,0,aaEeeaEa,ea,rjenda,--+---+-
Calderón,Loa para la comedia de Los tres mayores prodigios,Loa,ø,0,59,450,TESEO,,M,y de la espuela a las leyes;,8,1,eeEaaEe,ee,lejes,--+--+-
Calderón,Loa para la comedia de Los tres mayores prodigios,Loa,ø,0,59,451,TESEO,,M,"Équite, el primero que",8,0,EieiEoE,e,ke,+---+-+
Calderón,Loa para la comedia de Los tres mayores prodigios,Loa,ø,0,59,452,TESEO,,M,"domó su cerviz rebelde,",8,0,oOueIeEe,ee,belde,-+--+-+-
Calderón,Loa para la comedia de Los tres mayores prodigios,Loa,ø,0,59,453,TESEO,,M,me le ha presentado; en él,8,0,eAeeAeE,e,el,-+--+-+
Calderón,Loa para la comedia de Los tres mayores prodigios,Loa,ø,0,59,454,TESEO,,M,cuanto está el mar continente,8,0,AeeAoiEe,ee,nente,+--+--+-
Calderón,Loa para la comedia de Los tres mayores prodigios,Loa,ø,0,60,455,TESEO y JASÓN,,MX,"registraré. Pues, si tú",8,0,eiaEeiU,u,tu,---+--+
Calderón,Loa para la comedia de Los tres mayores prodigios,Loa,ø,0,60,456,JASÓN,,X,"el orbe a correr te atreves,",8,0,eOaoEaEe,ee,tɾebes,-+--+-+-
Calderón,Loa para la comedia de Los tres mayores prodigios,Loa,ø,0,60,457,JASÓN,,X,"por la tierra, yo me atrevo",8,1,oaEaoaEo,eo,tɾebo,--+---+-
Calderón,Loa para la comedia de Los tres mayores prodigios,Loa,ø,0,60,458,JASÓN,,X,sobre esas espumas leves,8,0,oEaeUaEe,ee,lebes,-+--+-+-
Calderón,Loa para la comedia de Los tres mayores prodigios,Loa,ø,0,60,459,JASÓN,,X,"del mar a seguirle; Argos,",8,0,eAaeIeAo,ao,aɾgos,-+--+-+-
Calderón,Loa para la comedia de Los tres mayores prodigios,Loa,ø,0,60,460,JASÓN,,X,"docto artífice excelente,",8,0,OaIieeEe,ee,lente,+-+---+-
Calderón,Loa para la comedia de Los tres mayores prodigios,Loa,ø,0,60,461,JASÓN,,X,ha añadido a sus espumas,8,0,aaIaueUa,ua,pumas,--+---+-
Calderón,Loa para la comedia de Los tres mayores prodigios,Loa,ø,0,60,462,JASÓN,,X,un monstruo que velozmente,8,0,UOoeeOEe,ee,mente,++---++-
Calderón,Loa para la comedia de Los tres mayores prodigios,Loa,ø,0,60,463,JASÓN,,X,corre por ellas a cuantos,8,0,OeoeaaAo,ao,kwantos,+-----+-
Calderón,Loa para la comedia de Los tres mayores prodigios,Loa,ø,0,60,464,JASÓN,,X,climas el aire le lleve:,8,0,IaeAeeEe,ee,ʎebe,+--+--+-
Calderón,Loa para la comedia de Los tres mayores prodigios,Loa,ø,0,60,465,JASÓN,,X,"águila sin plumas es,",8,0,AiaiUaE,e,es,+---+-+
Calderón,Loa para la comedia de Los tres mayores prodigios,Loa,ø,0,60,466,JASÓN,,X,delfín sin escamas este,8,0,eIieAaEe,ee,este,-+--+-+-
Calderón,Loa para la comedia de Los tres mayores prodigios,Loa,ø,0,60,467,JASÓN,,X,"prodigio, pues que, nadando",8,0,oIoeeaAo,ao,dando,-+----+-
Calderón,Loa para la comedia de Los tres mayores prodigios,Loa,ø,0,60,468,JASÓN,,X,"y volando juntamente,",8,0,oAoUaEe,ee,mente,-+-+-+-
Calderón,Loa para la comedia de Los tres mayores prodigios,Loa,ø,0,60,469,JASÓN,,X,a un mismo tiempo es monarca,8,0,UIoEEoAa,aa,naɾka,++-++-+-
Calderón,Loa para la comedia de Los tres mayores prodigios,Loa,ø,0,60,470,JASÓN,,X,de las aves y los peces.,8,0,eaAeoEe,ee,peθes,--+--+-
Calderón,Loa para la comedia de Los tres mayores prodigios,Loa,ø,0,61,471,HÉRCULES,,X,"Pues, si tres los ofendidos",8,0,eiEooeIo,io,didos,--+---+-
Calderón,Loa para la comedia de Los tres mayores prodigios,Loa,ø,0,61,472,HÉRCULES,,X,somos y tres partes tiene,8,0,OoEAeEe,ee,tjene,+-++-+-
Calderón,Loa para la comedia de Los tres mayores prodigios,Loa,ø,0,61,473,HÉRCULES,,X,"el mundo, en este caballo",8,0,eUeEeaAo,ao,baʎo,-+-+--+-
Calderón,Loa para la comedia de Los tres mayores prodigios,Loa,ø,0,61,474,HÉRCULES,,X,tú corre el Asia y tú en ese,8,0,UOeAUEe,ee,ese,++-+++-
Calderón,Loa para la comedia de Los tres mayores prodigios,Loa,ø,0,61,475,HÉRCULES,,X,hipogrifo de las ondas,8,0,ioIoeaOa,oa,ondas,--+---+-
Calderón,Loa para la comedia de Los tres mayores prodigios,Loa,ø,0,61,476,HÉRCULES,,X,"pasa a Europa, que mi suerte",8,0,AeOaeiEe,ee,sweɾte,+-+---+-
Calderón,Loa para la comedia de Los tres mayores prodigios,Loa,ø,0,61,477,HÉRCULES,,X,dice por ciertas noticias,8,0,IeoeaoIa,ia,tiθjas,+-----+-
Calderón,Loa para la comedia de Los tres mayores prodigios,Loa,ø,0,61,478,HÉRCULES,,X,que yo en África me quede.,8,1,eeAiaeEe,ee,kede,--+---+-
Calderón,Loa para la comedia de Los tres mayores prodigios,Loa,ø,0,61,479,HÉRCULES,,X,"Ni ignorado seno el mar,",8,0,ioAoEeA,a,maɾ,--+-+-+
Calderón,Loa para la comedia de Los tres mayores prodigios,Loa,ø,0,61,480,HÉRCULES,,X,ni seno ignorado deje,8,0,iEioAoEe,ee,dexe,-+--+-+-
Calderón,Loa para la comedia de Los tres mayores prodigios,Loa,ø,0,61,481,HÉRCULES,,X,la tierra que no registren,8,0,aEaeOeIe,ie,xistɾen,-+--+-+-
Calderón,Loa para la comedia de Los tres mayores prodigios,Loa,ø,0,61,482,HÉRCULES,,X,nuestros ánimos valientes.,8,0,EoAioaEe,ee,ljentes,+-+---+-
Calderón,Loa para la comedia de Los tres mayores prodigios,Loa,ø,0,62,483,TESEO,,M,"Esa palabra te doy,",8,0,EaaAaeO,o,doj,+--+--+
Calderón,Loa para la comedia de Los tres mayores prodigios,Loa,ø,0,62,484,TESEO,,M,como me des solamente,8,0,ooeEOaEe,ee,mente,---++-+-
Calderón,Loa para la comedia de Los tres mayores prodigios,Loa,ø,0,63,485,TESEO y JASÓN,,MX,de plazo un año. Yo el mismo,8,1,eAUAoeIo,io,mismo,-+++--+-
Calderón,Loa para la comedia de Los tres mayores prodigios,Loa,ø,0,63,486,JASÓN,,X,pido y desde aquí promete,8,0,IeaIoEe,ee,mete,+--+-+-
Calderón,Loa para la comedia de Los tres mayores prodigios,Loa,ø,0,63,487,JASÓN,,X,mi valor dentro de un año,8,0,IaOEoUAo,ao,aɲo,+-++-++-
Calderón,Loa para la comedia de Los tres mayores prodigios,Loa,ø,0,63,488,JASÓN,,X,volver a este sitio a verte,8,0,oEEeIaEe,ee,beɾte,-++-+-+-
Calderón,Loa para la comedia de Los tres mayores prodigios,Loa,ø,0,63,489,JASÓN,,X,y desto Hércules te doy,8,0,EEueeO,o,doj,++---+
Calderón,Loa para la comedia de Los tres mayores prodigios,Loa,ø,0,63,490,JASÓN,,X,mano y palabra mil veces.,8,0,AaAaIEe,ee,beθes,+-+-++-
Calderón,Loa para la comedia de Los tres mayores prodigios,Loa,ø,0,65,491,TESEO y HÉRCULES,,MX,Yo también. Yo las aceto.,8,0,oaEoaaEo,eo,θeto,--+---+-
Calderón,Loa para la comedia de Los tres mayores prodigios,Loa,ø,0,66,492,JASÓN,,X,Felice aquel que trujere,8,0,eIaeeuEe,ee,xeɾe,-+----+-
Calderón,Loa para la comedia de Los tres mayores prodigios,Loa,ø,0,66,493,JASÓN,,X,mejor suceso a tus ojos.,8,0,eOuEauOo,oo,oxos,-+-+--+-
Calderón,Loa para la comedia de Los tres mayores prodigios,Loa,ø,0,67,494,TESEO,,M,Pues más mi valor no espere.,8,0,eAiaOeEe,ee,peɾe,-+--+-+-
Calderón,Loa para la comedia de Los tres mayores prodigios,Loa,ø,0,68,495,JASÓN,,X,No espere más mi osadía.,8,1,eEeAoaIa,ia,dia,-+-+--+-
Calderón,Loa para la comedia de Los tres mayores prodigios,Loa,ø,0,69,496,TESEO,,M,"Équite ingenioso, enfrene",8,0,EiieOeEe,ee,fɾene,+---+-+-
Calderón,Loa para la comedia de Los tres mayores prodigios,Loa,ø,0,69,497,TESEO,,M,tu disciplina ese rayo.,8,1,UiiIEeAo,ao,rajo,+--++-+-
Calderón,Loa para la comedia de Los tres mayores prodigios,Loa,ø,0,70,498,JASÓN,,X,"Argos invencible, quiebre",8,0,AoieIeEe,ee,kjebɾe,+---+-+-
Calderón,Loa para la comedia de Los tres mayores prodigios,Loa,ø,0,70,499,JASÓN,,X,al mar la espuma ese asombro.,8,0,aAeUEaOo,oo,sombɾo,-+-++-+-
Calderón,Loa para la comedia de Los tres mayores prodigios,Loa,ø,0,71,500,TESEO,,M,"Pensando que corra, vuele",8,0,eAoeOaEe,ee,bwele,-+--+-+-
Calderón,Loa para la comedia de Los tres mayores prodigios,Loa,ø,0,72,501,TESEO y JASÓN,,MX,domado el céfiro. El vidro,8,0,oAeEieIo,io,bidɾo,-+-+--+-
Calderón,Loa para la comedia de Los tres mayores prodigios,Loa,ø,0,72,502,JASÓN,,X,"salobre, ese monstruo leve",8,0,aOEeOoEe,ee,lebe,-++-+-+-
Calderón,Loa para la comedia de Los tres mayores prodigios,Loa,ø,0,72,503,JASÓN,,X,o con la quilla le rice,8,0,ooaIaeIe,ie,riθe,---+--+-
Calderón,Loa para la comedia de Los tres mayores prodigios,Loa,ø,0,72,504,JASÓN,,X,o con el buco le encrespe.,8,0,ooeUoeEe,ee,kɾespe,---+--+-
Calderón,Loa para la comedia de Los tres mayores prodigios,Loa,ø,0,73,505,LOS DOS,,M,Júpiter quede contigo.,8,0,UieEeoIo,io,tigo,+--+--+-
Calderón,Loa para la comedia de Los tres mayores prodigios,Loa,ø,0,74,506,HÉRCULES,,X,Júpiter con bien os lleve.,8,0,UieoEoEe,ee,ʎebe,+---+-+-
Calderón,Loa para la comedia de Los tres mayores prodigios,Loa,ø,0,75,507,NOCHE,,X,Esta división que han hecho,8,0,EaiiOAEo,eo,etʃo,+---+++-
Calderón,Loa para la comedia de Los tres mayores prodigios,Loa,ø,0,75,508,NOCHE,,X,estos tres héroes valientes,8,0,EoEEeaEe,ee,ljentes,+-++--+-
Calderón,Loa para la comedia de Los tres mayores prodigios,Loa,ø,0,75,509,NOCHE,,X,"de las tres partes del mundo,",8,0,eaEAeeUo,uo,mundo,--++--+-
Calderón,Loa para la comedia de Los tres mayores prodigios,Loa,ø,0,75,510,NOCHE,,X,adonde a los tres suceden,8,0,aoaoEuEe,ee,θeden,----+-+-
Calderón,Loa para la comedia de Los tres mayores prodigios,Loa,ø,0,75,511,NOCHE,,X,"tres maravillas, en tres",8,0,EaaIaeE,e,tɾes,+--+--+
Calderón,Loa para la comedia de Los tres mayores prodigios,Loa,ø,0,75,512,NOCHE,,X,teatros por tres diferentes,8,0,AooEieEe,ee,ɾentes,+--+--+-
Calderón,Loa para la comedia de Los tres mayores prodigios,Loa,ø,0,75,513,NOCHE,,X,autores son la comedia,8,0,aOeOaoEa,ea,medja,-+-+--+-
Calderón,Loa para la comedia de Los tres mayores prodigios,Loa,ø,0,75,514,NOCHE,,X,que aquesta noche ha de verse.,8,0,aeaOAeEe,ee,beɾse,---++-+-
Calderón,Loa para la comedia de Los tres mayores prodigios,Loa,ø,0,75,515,NOCHE,,X,"Un corto ingenio la ha escrito,",8,0,UOiEoeIo,io,kɾito,++-+--+-
Calderón,Loa para la comedia de Los tres mayores prodigios,Loa,ø,0,75,516,NOCHE,,X,si bien por disculpa tiene,8,0,iEoiUaEe,ee,tjene,-+--+-+-
Calderón,Loa para la comedia de Los tres mayores prodigios,Loa,ø,0,75,517,NOCHE,,X,"sus mismos errores, pues",8,0,UIoeOeE,e,pwes,++--+-+
Calderón,Loa para la comedia de Los tres mayores prodigios,Loa,ø,0,75,518,NOCHE,,X,con lo que yerra obedece;,8,1,ooeEoeEe,ee,deθe,---+--+-
Calderón,Loa para la comedia de Los tres mayores prodigios,Loa,ø,0,75,519,NOCHE,,X,"y, pues a la novedad",8,0,eaaoeA,a,dad,-----+
Calderón,Loa para la comedia de Los tres mayores prodigios,Loa,ø,0,75,520,NOCHE,,X,"algún aplauso se debe,",8,0,auaAoeEe,ee,debe,---+--+-
Calderón,Loa para la comedia de Los tres mayores prodigios,Loa,ø,0,75,521,NOCHE,,X,"pedidle las dos, pues sois",8,0,eIeaOeO,o,sojs,-+--+-+
Calderón,Loa para la comedia de Los tres mayores prodigios,Loa,ø,0,75,522,NOCHE,,X,a quien festejar compete,8,0,aeeeAoEe,ee,pete,----+-+-
Calderón,Loa para la comedia de Los tres mayores prodigios,Loa,ø,0,75,523,NOCHE,,X,en Retiros y jardines,8,0,eeIoaIe,ie,dines,--+--+-
Calderón,Loa para la comedia de Los tres mayores prodigios,Loa,ø,0,75,524,NOCHE,,X,tanto generoso huésped.,8,0,AoeeOoEe,ee,wesped,+---+-+-
Calderón,Loa para la comedia de Los tres mayores prodigios,Loa,ø,0,76,525,PALES,,X,Cuarto planeta de España...,8,0,AoaEaeAa,aa,paɲa,+--+--+-
Calderón,Loa para la comedia de Los tres mayores prodigios,Loa,ø,0,77,526,FLORA,,F,De Francia divina fénix...,8,0,eAaiIaEi,ei,feniks,-+--+-+-
Calderón,Loa para la comedia de Los tres mayores prodigios,Loa,ø,0,78,527,PALES,,X,"...cuya luz no acaba nunca,...",8,1,uaUaAaUa,ua,nunka,--+-+-+-
Calderón,Loa para la comedia de Los tres mayores prodigios,Loa,ø,0,79,528,FLORA,,F,"...cuya edad anima siempre,...",8,1,ueAaIaEe,ee,sjempɾe,--+-+-+-
Calderón,Loa para la comedia de Los tres mayores prodigios,Loa,ø,0,81,529,PALES y FLORA,,XF,...bello Baltasar... ...hermosa,8,0,EoaaAeOa,oa,mosa,+---+-+-
Calderón,Loa para la comedia de Los tres mayores prodigios,Loa,ø,0,82,530,FLORA y PALES,,FX,Ana Antonia... ...en cuyo oriente...,8,1,AaOeuoEe,ee,ɾjente,+-+---+-
Calderón,Loa para la comedia de Los tres mayores prodigios,Loa,ø,0,84,531,FLORA y PALES,,FX,...en cuya infancia... ...las dichas,8,1,euiAaaIa,ia,ditʃas,---+--+-
Calderón,Loa para la comedia de Los tres mayores prodigios,Loa,ø,0,85,532,PALES y FLORA,,XF,"asisten,... ...los hados reinen,...",8,0,aIeoAoEe,ee,rejnen,-+--+-+-
Calderón,Loa para la comedia de Los tres mayores prodigios,Loa,ø,0,86,533,PALES,,X,...aquesta fiesta os presenta,8,0,aeaEoeEa,ea,senta,---+--+-
Calderón,Loa para la comedia de Los tres mayores prodigios,Loa,ø,0,86,534,PALES,,X,quien más serviros pretende.,8,0,eAeIoeEe,ee,tende,-+-+--+-
Calderón,Loa para la comedia de Los tres mayores prodigios,Loa,ø,0,87,535,FLORA,,F,no habré menester decir,8,0,aEeeEeI,i,θiɾ,-+--+-+
Calderón,Loa para la comedia de Los tres mayores prodigios,Loa,ø,0,87,536,FLORA,,F,"quién es, pues que ya se entiende",8,1,EEeeAeEe,ee,tjende,++--+-+-
Calderón,Loa para la comedia de Los tres mayores prodigios,Loa,ø,0,87,537,FLORA,,F,que es la Nise laureada,8,1,EaIeaeAa,aa,ada,+-+---+-
Calderón,Loa para la comedia de Los tres mayores prodigios,Loa,ø,0,87,538,FLORA,,F,de virtudes excelente.,8,0,eiUeeeEe,ee,lente,--+---+-
Calderón,Loa para la comedia de Los tres mayores prodigios,Loa,ø,0,88,539,PALES,,X,"Por ella el perdón merezca,",8,0,oeeeOeEa,ea,ɾeθka,----+-+-
Calderón,Loa para la comedia de Los tres mayores prodigios,Loa,ø,0,88,540,PALES,,X,pues por sí no le merece,8,0,eoIOeeEe,ee,ɾeθe,--++--+-
Calderón,Loa para la comedia de Los tres mayores prodigios,Loa,ø,0,89,541,FLORA,,F,para que el prólogo acabe,8,0,aaeOoaAe,ae,kabe,---+--+-
Calderón,Loa para la comedia de Los tres mayores prodigios,Loa,ø,0,89,542,FLORA,,F,donde la comedia empiece.,8,0,oeaoEeEe,ee,pjeθe,----+-+-
